This is pdfTeX, Version 3.141592653-2.6-1.40.26 (TeX Live 2024) (preloaded format=pdflatex 2024.7.8)  26 JUL 2024 22:02
entering extended mode
 restricted \write18 enabled.
 file:line:error style messages enabled.
 %&-line parsing enabled.
**"/Users/isaacviviano/Desktop/Math-Notes/REU 2024/Paper/main"
(/Users/isaacviviano/Desktop/Math-Notes/REU 2024/Paper/main.tex
LaTeX2e <2023-11-01> patch level 1
L3 programming layer <2024-02-20>
(/usr/local/texlive/2024/texmf-dist/tex/latex/base/report.cls
Document Class: report 2023/05/17 v1.4n Standard LaTeX document class
(/usr/local/texlive/2024/texmf-dist/tex/latex/base/size12.clo
File: size12.clo 2023/05/17 v1.4n Standard LaTeX file (size option)
)
\c@part=\count188
\c@chapter=\count189
\c@section=\count190
\c@subsection=\count191
\c@subsubsection=\count192
\c@paragraph=\count193
\c@subparagraph=\count194
\c@figure=\count195
\c@table=\count196
\abovecaptionskip=\skip48
\belowcaptionskip=\skip49
\bibindent=\dimen140
) (/usr/local/texlive/2024/texmf-dist/tex/latex/amsfonts/amssymb.sty
Package: amssymb 2013/01/14 v3.01 AMS font symbols
 (/usr/local/texlive/2024/texmf-dist/tex/latex/amsfonts/amsfonts.sty
Package: amsfonts 2013/01/14 v3.01 Basic AMSFonts support
\@emptytoks=\toks17
\symAMSa=\mathgroup4
\symAMSb=\mathgroup5
LaTeX Font Info:    Redeclaring math symbol \hbar on input line 98.
LaTeX Font Info:    Overwriting math alphabet `\mathfrak' in version `bold'
(Font)                  U/euf/m/n --> U/euf/b/n on input line 106.
)) (/usr/local/texlive/2024/texmf-dist/tex/latex/amsmath/amsmath.sty
Package: amsmath 2023/05/13 v2.17o AMS math features
\@mathmargin=\skip50

For additional information on amsmath, use the `?' option.
(/usr/local/texlive/2024/texmf-dist/tex/latex/amsmath/amstext.sty
Package: amstext 2021/08/26 v2.01 AMS text
 (/usr/local/texlive/2024/texmf-dist/tex/latex/amsmath/amsgen.sty
File: amsgen.sty 1999/11/30 v2.0 generic functions
\@emptytoks=\toks18
\ex@=\dimen141
)) (/usr/local/texlive/2024/texmf-dist/tex/latex/amsmath/amsbsy.sty
Package: amsbsy 1999/11/29 v1.2d Bold Symbols
\pmbraise@=\dimen142
) (/usr/local/texlive/2024/texmf-dist/tex/latex/amsmath/amsopn.sty
Package: amsopn 2022/04/08 v2.04 operator names
)
\inf@bad=\count197
LaTeX Info: Redefining \frac on input line 234.
\uproot@=\count198
\leftroot@=\count199
LaTeX Info: Redefining \overline on input line 399.
LaTeX Info: Redefining \colon on input line 410.
\classnum@=\count266
\DOTSCASE@=\count267
LaTeX Info: Redefining \ldots on input line 496.
LaTeX Info: Redefining \dots on input line 499.
LaTeX Info: Redefining \cdots on input line 620.
\Mathstrutbox@=\box51
\strutbox@=\box52
LaTeX Info: Redefining \big on input line 722.
LaTeX Info: Redefining \Big on input line 723.
LaTeX Info: Redefining \bigg on input line 724.
LaTeX Info: Redefining \Bigg on input line 725.
\big@size=\dimen143
LaTeX Font Info:    Redeclaring font encoding OML on input line 743.
LaTeX Font Info:    Redeclaring font encoding OMS on input line 744.
\macc@depth=\count268
LaTeX Info: Redefining \bmod on input line 905.
LaTeX Info: Redefining \pmod on input line 910.
LaTeX Info: Redefining \smash on input line 940.
LaTeX Info: Redefining \relbar on input line 970.
LaTeX Info: Redefining \Relbar on input line 971.
\c@MaxMatrixCols=\count269
\dotsspace@=\muskip16
\c@parentequation=\count270
\dspbrk@lvl=\count271
\tag@help=\toks19
\row@=\count272
\column@=\count273
\maxfields@=\count274
\andhelp@=\toks20
\eqnshift@=\dimen144
\alignsep@=\dimen145
\tagshift@=\dimen146
\tagwidth@=\dimen147
\totwidth@=\dimen148
\lineht@=\dimen149
\@envbody=\toks21
\multlinegap=\skip51
\multlinetaggap=\skip52
\mathdisplay@stack=\toks22
LaTeX Info: Redefining \[ on input line 2953.
LaTeX Info: Redefining \] on input line 2954.
) (/usr/local/texlive/2024/texmf-dist/tex/latex/jknapltx/mathrsfs.sty
Package: mathrsfs 1996/01/01 Math RSFS package v1.0 (jk)
\symrsfs=\mathgroup6
) (/usr/local/texlive/2024/texmf-dist/tex/latex/amscls/amsthm.sty
Package: amsthm 2020/05/29 v2.20.6
\thm@style=\toks23
\thm@bodyfont=\toks24
\thm@headfont=\toks25
\thm@notefont=\toks26
\thm@headpunct=\toks27
\thm@preskip=\skip53
\thm@postskip=\skip54
\thm@headsep=\skip55
\dth@everypar=\toks28
) (/usr/local/texlive/2024/texmf-dist/tex/latex/geometry/geometry.sty
Package: geometry 2020/01/02 v5.9 Page Geometry
 (/usr/local/texlive/2024/texmf-dist/tex/latex/graphics/keyval.sty
Package: keyval 2022/05/29 v1.15 key=value parser (DPC)
\KV@toks@=\toks29
) (/usr/local/texlive/2024/texmf-dist/tex/generic/iftex/ifvtex.sty
Package: ifvtex 2019/10/25 v1.7 ifvtex legacy package. Use iftex instead.
 (/usr/local/texlive/2024/texmf-dist/tex/generic/iftex/iftex.sty
Package: iftex 2022/02/03 v1.0f TeX engine tests
))
\Gm@cnth=\count275
\Gm@cntv=\count276
\c@Gm@tempcnt=\count277
\Gm@bindingoffset=\dimen150
\Gm@wd@mp=\dimen151
\Gm@odd@mp=\dimen152
\Gm@even@mp=\dimen153
\Gm@layoutwidth=\dimen154
\Gm@layoutheight=\dimen155
\Gm@layouthoffset=\dimen156
\Gm@layoutvoffset=\dimen157
\Gm@dimlist=\toks30
) (/usr/local/texlive/2024/texmf-dist/tex/latex/graphbox/graphbox.sty
Package: graphbox 2018/01/17 v1.1 extension for graphicx to adjust containing box
 (/usr/local/texlive/2024/texmf-dist/tex/latex/graphics/graphicx.sty
Package: graphicx 2021/09/16 v1.2d Enhanced LaTeX Graphics (DPC,SPQR)
 (/usr/local/texlive/2024/texmf-dist/tex/latex/graphics/graphics.sty
Package: graphics 2022/03/10 v1.4e Standard LaTeX Graphics (DPC,SPQR)
 (/usr/local/texlive/2024/texmf-dist/tex/latex/graphics/trig.sty
Package: trig 2021/08/11 v1.11 sin cos tan (DPC)
) (/usr/local/texlive/2024/texmf-dist/tex/latex/graphics-cfg/graphics.cfg
File: graphics.cfg 2016/06/04 v1.11 sample graphics configuration
)
Package graphics Info: Driver file: pdftex.def on input line 107.
 (/usr/local/texlive/2024/texmf-dist/tex/latex/graphics-def/pdftex.def
File: pdftex.def 2022/09/22 v1.2b Graphics/color driver for pdftex
))
\Gin@req@height=\dimen158
\Gin@req@width=\dimen159
)
\Gin@box@box=\box53
\Gin@box@width=\skip56
\Gin@box@height=\skip57
\Gin@box@raise=\skip58
\Gin@box@hspace=\skip59
\Gin@box@bwidth=\skip60
\Gin@box@bheight=\skip61
) (/usr/local/texlive/2024/texmf-dist/tex/latex/graphics/color.sty
Package: color 2022/01/06 v1.3d Standard LaTeX Color (DPC)
 (/usr/local/texlive/2024/texmf-dist/tex/latex/graphics-cfg/color.cfg
File: color.cfg 2016/01/02 v1.6 sample color configuration
)
Package color Info: Driver file: pdftex.def on input line 149.
 (/usr/local/texlive/2024/texmf-dist/tex/latex/graphics/mathcolor.ltx)) (/usr/local/texlive/2024/texmf-dist/tex/latex/float/float.sty
Package: float 2001/11/08 v1.3d Float enhancements (AL)
\c@float@type=\count278
\float@exts=\toks31
\float@box=\box54
\@float@everytoks=\toks32
\@floatcapt=\box55
) (/usr/local/texlive/2024/texmf-dist/tex/latex/subfigure/subfigure.sty
Package: subfigure 2002/03/15 v2.1.5 subfigure package
\subfigtopskip=\skip62
\subfigcapskip=\skip63
\subfigcaptopadj=\dimen160
\subfigbottomskip=\skip64
\subfigcapmargin=\dimen161
\subfiglabelskip=\skip65
\c@subfigure=\count279
\c@lofdepth=\count280
\c@subtable=\count281
\c@lotdepth=\count282

****************************************
* Local config file subfigure.cfg used *
****************************************
(/usr/local/texlive/2024/texmf-dist/tex/latex/subfigure/subfigure.cfg)
\subfig@top=\skip66
\subfig@bottom=\skip67
) (/usr/local/texlive/2024/texmf-dist/tex/latex/wrapfig/wrapfig.sty
\wrapoverhang=\dimen162
\WF@size=\dimen163
\c@WF@wrappedlines=\count283
\WF@box=\box56
\WF@everypar=\toks33
Package: wrapfig 2003/01/31  v 3.6
) (/usr/local/texlive/2024/texmf-dist/tex/latex/tools/array.sty
Package: array 2023/10/16 v2.5g Tabular extension package (FMi)
\col@sep=\dimen164
\ar@mcellbox=\box57
\extrarowheight=\dimen165
\NC@list=\toks34
\extratabsurround=\skip68
\backup@length=\skip69
\ar@cellbox=\box58
) (/usr/local/texlive/2024/texmf-dist/tex/latex/tools/multicol.sty
Package: multicol 2023/03/30 v1.9f multicolumn formatting (FMi)
\c@tracingmulticols=\count284
\mult@box=\box59
\multicol@leftmargin=\dimen166
\c@unbalance=\count285
\c@collectmore=\count286
\doublecol@number=\count287
\multicoltolerance=\count288
\multicolpretolerance=\count289
\full@width=\dimen167
\page@free=\dimen168
\premulticols=\dimen169
\postmulticols=\dimen170
\multicolsep=\skip70
\multicolbaselineskip=\skip71
\partial@page=\box60
\last@line=\box61
\mc@boxedresult=\box62
\maxbalancingoverflow=\dimen171
\mult@rightbox=\box63
\mult@grightbox=\box64
\mult@firstbox=\box65
\mult@gfirstbox=\box66
\@tempa=\box67
\@tempa=\box68
\@tempa=\box69
\@tempa=\box70
\@tempa=\box71
\@tempa=\box72
\@tempa=\box73
\@tempa=\box74
\@tempa=\box75
\@tempa=\box76
\@tempa=\box77
\@tempa=\box78
\@tempa=\box79
\@tempa=\box80
\@tempa=\box81
\@tempa=\box82
\@tempa=\box83
\@tempa=\box84
\@tempa=\box85
\@tempa=\box86
\@tempa=\box87
\@tempa=\box88
\@tempa=\box89
\@tempa=\box90
\@tempa=\box91
\@tempa=\box92
\@tempa=\box93
\@tempa=\box94
\@tempa=\box95
\@tempa=\box96
\@tempa=\box97
\@tempa=\box98
\@tempa=\box99
\@tempa=\box100
\@tempa=\box101
\@tempa=\box102
\c@minrows=\count290
\c@columnbadness=\count291
\c@finalcolumnbadness=\count292
\last@try=\dimen172
\multicolovershoot=\dimen173
\multicolundershoot=\dimen174
\mult@nat@firstbox=\box103
\colbreak@box=\box104
\mc@col@check@num=\count293
) (/usr/local/texlive/2024/texmf-dist/tex/latex/caption/caption.sty
Package: caption 2023/08/05 v3.6o Customizing captions (AR)
 (/usr/local/texlive/2024/texmf-dist/tex/latex/caption/caption3.sty
Package: caption3 2023/07/31 v2.4d caption3 kernel (AR)
\caption@tempdima=\dimen175
\captionmargin=\dimen176
\caption@leftmargin=\dimen177
\caption@rightmargin=\dimen178
\caption@width=\dimen179
\caption@indent=\dimen180
\caption@parindent=\dimen181
\caption@hangindent=\dimen182
Package caption Info: Standard document class detected.
)
\c@caption@flags=\count294
\c@continuedfloat=\count295
Package caption Info: float package is loaded.
Package caption Info: subfigure package is loaded.
Package caption Info: wrapfig package is loaded.
) (/usr/local/texlive/2024/texmf-dist/tex/latex/titlesec/titlesec.sty
Package: titlesec 2023/10/27 v2.16 Sectioning titles
\ttl@box=\box105
\beforetitleunit=\skip72
\aftertitleunit=\skip73
\ttl@plus=\dimen183
\ttl@minus=\dimen184
\ttl@toksa=\toks35
\titlewidth=\dimen185
\titlewidthlast=\dimen186
\titlewidthfirst=\dimen187
) (/usr/local/texlive/2024/texmf-dist/tex/latex/biblatex/biblatex.sty
Package: biblatex 2023/03/05 v3.19 programmable bibliographies (PK/MW)
 (/usr/local/texlive/2024/texmf-dist/tex/generic/pdftexcmds/pdftexcmds.sty
Package: pdftexcmds 2020-06-27 v0.33 Utility functions of pdfTeX for LuaTeX (HO)
 (/usr/local/texlive/2024/texmf-dist/tex/generic/infwarerr/infwarerr.sty
Package: infwarerr 2019/12/03 v1.5 Providing info/warning/error messages (HO)
) (/usr/local/texlive/2024/texmf-dist/tex/generic/ltxcmds/ltxcmds.sty
Package: ltxcmds 2023-12-04 v1.26 LaTeX kernel commands for general use (HO)
)
Package pdftexcmds Info: \pdf@primitive is available.
Package pdftexcmds Info: \pdf@ifprimitive is available.
Package pdftexcmds Info: \pdfdraftmode found.
) (/usr/local/texlive/2024/texmf-dist/tex/latex/etoolbox/etoolbox.sty
Package: etoolbox 2020/10/05 v2.5k e-TeX tools for LaTeX (JAW)
\etb@tempcnta=\count296
) (/usr/local/texlive/2024/texmf-dist/tex/latex/kvoptions/kvoptions.sty
Package: kvoptions 2022-06-15 v3.15 Key value format for package options (HO)
 (/usr/local/texlive/2024/texmf-dist/tex/latex/kvsetkeys/kvsetkeys.sty
Package: kvsetkeys 2022-10-05 v1.19 Key value parser (HO)
)) (/usr/local/texlive/2024/texmf-dist/tex/latex/logreq/logreq.sty
Package: logreq 2010/08/04 v1.0 xml request logger
\lrq@indent=\count297
 (/usr/local/texlive/2024/texmf-dist/tex/latex/logreq/logreq.def
File: logreq.def 2010/08/04 v1.0 logreq spec v1.0
)) (/usr/local/texlive/2024/texmf-dist/tex/latex/base/ifthen.sty
Package: ifthen 2022/04/13 v1.1d Standard LaTeX ifthen package (DPC)
) (/usr/local/texlive/2024/texmf-dist/tex/latex/url/url.sty
\Urlmuskip=\muskip17
Package: url 2013/09/16  ver 3.4  Verb mode for urls, etc.
)
\c@tabx@nest=\count298
\c@listtotal=\count299
\c@listcount=\count300
\c@liststart=\count301
\c@liststop=\count302
\c@citecount=\count303
\c@citetotal=\count304
\c@multicitecount=\count305
\c@multicitetotal=\count306
\c@instcount=\count307
\c@maxnames=\count308
\c@minnames=\count309
\c@maxitems=\count310
\c@minitems=\count311
\c@citecounter=\count312
\c@maxcitecounter=\count313
\c@savedcitecounter=\count314
\c@uniquelist=\count315
\c@uniquename=\count316
\c@refsection=\count317
\c@refsegment=\count318
\c@maxextratitle=\count319
\c@maxextratitleyear=\count320
\c@maxextraname=\count321
\c@maxextradate=\count322
\c@maxextraalpha=\count323
\c@abbrvpenalty=\count324
\c@highnamepenalty=\count325
\c@lownamepenalty=\count326
\c@maxparens=\count327
\c@parenlevel=\count328
\blx@tempcnta=\count329
\blx@tempcntb=\count330
\blx@tempcntc=\count331
\c@blx@maxsection=\count332
\blx@maxsegment@0=\count333
\blx@notetype=\count334
\blx@parenlevel@text=\count335
\blx@parenlevel@foot=\count336
\blx@sectionciteorder@0=\count337
\blx@sectionciteorderinternal@0=\count338
\blx@entrysetcounter=\count339
\blx@biblioinstance=\count340
\labelnumberwidth=\skip74
\labelalphawidth=\skip75
\biblabelsep=\skip76
\bibitemsep=\skip77
\bibnamesep=\skip78
\bibinitsep=\skip79
\bibparsep=\skip80
\bibhang=\skip81
\blx@bcfin=\read2
\blx@bcfout=\write3
\blx@langwohyphens=\language89
\c@mincomprange=\count341
\c@maxcomprange=\count342
\c@mincompwidth=\count343
Package biblatex Info: Trying to load biblatex default data model...
Package biblatex Info: ... file 'blx-dm.def' found.
 (/usr/local/texlive/2024/texmf-dist/tex/latex/biblatex/blx-dm.def
File: blx-dm.def 2023/03/05 v3.19 biblatex localization (PK/MW)
)
Package biblatex Info: Trying to load biblatex style data model...
Package biblatex Info: ... file 'numeric.dbx' not found.
Package biblatex Info: Trying to load biblatex custom data model...
Package biblatex Info: ... file 'biblatex-dm.cfg' not found.
\c@afterword=\count344
\c@savedafterword=\count345
\c@annotator=\count346
\c@savedannotator=\count347
\c@author=\count348
\c@savedauthor=\count349
\c@bookauthor=\count350
\c@savedbookauthor=\count351
\c@commentator=\count352
\c@savedcommentator=\count353
\c@editor=\count354
\c@savededitor=\count355
\c@editora=\count356
\c@savededitora=\count357
\c@editorb=\count358
\c@savededitorb=\count359
\c@editorc=\count360
\c@savededitorc=\count361
\c@foreword=\count362
\c@savedforeword=\count363
\c@holder=\count364
\c@savedholder=\count365
\c@introduction=\count366
\c@savedintroduction=\count367
\c@namea=\count368
\c@savednamea=\count369
\c@nameb=\count370
\c@savednameb=\count371
\c@namec=\count372
\c@savednamec=\count373
\c@translator=\count374
\c@savedtranslator=\count375
\c@shortauthor=\count376
\c@savedshortauthor=\count377
\c@shorteditor=\count378
\c@savedshorteditor=\count379
\c@labelname=\count380
\c@savedlabelname=\count381
\c@institution=\count382
\c@savedinstitution=\count383
\c@lista=\count384
\c@savedlista=\count385
\c@listb=\count386
\c@savedlistb=\count387
\c@listc=\count388
\c@savedlistc=\count389
\c@listd=\count390
\c@savedlistd=\count391
\c@liste=\count392
\c@savedliste=\count393
\c@listf=\count394
\c@savedlistf=\count395
\c@location=\count396
\c@savedlocation=\count397
\c@organization=\count398
\c@savedorganization=\count399
\c@origlocation=\count400
\c@savedoriglocation=\count401
\c@origpublisher=\count402
\c@savedorigpublisher=\count403
\c@publisher=\count404
\c@savedpublisher=\count405
\c@language=\count406
\c@savedlanguage=\count407
\c@origlanguage=\count408
\c@savedoriglanguage=\count409
\c@pageref=\count410
\c@savedpageref=\count411
\shorthandwidth=\skip82
\shortjournalwidth=\skip83
\shortserieswidth=\skip84
\shorttitlewidth=\skip85
\shortauthorwidth=\skip86
\shorteditorwidth=\skip87
\locallabelnumberwidth=\skip88
\locallabelalphawidth=\skip89
\localshorthandwidth=\skip90
\localshortjournalwidth=\skip91
\localshortserieswidth=\skip92
\localshorttitlewidth=\skip93
\localshortauthorwidth=\skip94
\localshorteditorwidth=\skip95
Package biblatex Info: Trying to load compatibility code...
Package biblatex Info: ... file 'blx-compat.def' found.
 (/usr/local/texlive/2024/texmf-dist/tex/latex/biblatex/blx-compat.def
File: blx-compat.def 2023/03/05 v3.19 biblatex compatibility (PK/MW)
)
Package biblatex Info: Trying to load BibTeX backend compatibility...
Package biblatex Info: ... file 'blx-bibtex.def' found.
 (/usr/local/texlive/2024/texmf-dist/tex/latex/biblatex/blx-bibtex.def
File: blx-bibtex.def 2023/03/05 v3.19 biblatex compatibility (PK/MW)


Package biblatex Warning: Using fall-back bibtex backend:
(biblatex)                functionality may be reduced/unavailable.

)
Package biblatex Info: Trying to load generic definitions...
Package biblatex Info: ... file 'biblatex.def' found.
 (/usr/local/texlive/2024/texmf-dist/tex/latex/biblatex/biblatex.def
File: biblatex.def 2023/03/05 v3.19 biblatex compatibility (PK/MW)
\c@textcitecount=\count412
\c@textcitetotal=\count413
\c@textcitemaxnames=\count414
\c@biburlbigbreakpenalty=\count415
\c@biburlbreakpenalty=\count416
\c@biburlnumpenalty=\count417
\c@biburlucpenalty=\count418
\c@biburllcpenalty=\count419
\biburlbigskip=\muskip18
\biburlnumskip=\muskip19
\biburlucskip=\muskip20
\biburllcskip=\muskip21
\c@smartand=\count420
)
Package biblatex Info: Trying to load bibliography style 'numeric'...
Package biblatex Info: ... file 'numeric.bbx' found.
 (/usr/local/texlive/2024/texmf-dist/tex/latex/biblatex/bbx/numeric.bbx
File: numeric.bbx 2023/03/05 v3.19 biblatex bibliography style (PK/MW)
Package biblatex Info: Trying to load bibliography style 'standard'...
Package biblatex Info: ... file 'standard.bbx' found.
 (/usr/local/texlive/2024/texmf-dist/tex/latex/biblatex/bbx/standard.bbx
File: standard.bbx 2023/03/05 v3.19 biblatex bibliography style (PK/MW)
\c@bbx:relatedcount=\count421
\c@bbx:relatedtotal=\count422
))
Package biblatex Info: Trying to load citation style 'numeric'...
Package biblatex Info: ... file 'numeric.cbx' found.
 (/usr/local/texlive/2024/texmf-dist/tex/latex/biblatex/cbx/numeric.cbx
File: numeric.cbx 2023/03/05 v3.19 biblatex citation style (PK/MW)
Package biblatex Info: Redefining '\cite'.
Package biblatex Info: Redefining '\parencite'.
Package biblatex Info: Redefining '\footcite'.
Package biblatex Info: Redefining '\footcitetext'.
Package biblatex Info: Redefining '\smartcite'.
Package biblatex Info: Redefining '\supercite'.
Package biblatex Info: Redefining '\textcite'.
Package biblatex Info: Redefining '\textcites'.
Package biblatex Info: Redefining '\cites'.
Package biblatex Info: Redefining '\parencites'.
Package biblatex Info: Redefining '\smartcites'.
)
Package biblatex Info: Trying to load configuration file...
Package biblatex Info: ... file 'biblatex.cfg' found.
 (/usr/local/texlive/2024/texmf-dist/tex/latex/biblatex/biblatex.cfg
File: biblatex.cfg 
)
Package biblatex Info: Input encoding 'utf8' detected.
Package biblatex Info: Document encoding is UTF8 ....
 (/usr/local/texlive/2024/texmf-dist/tex/latex/l3kernel/expl3.sty
Package: expl3 2024-02-20 L3 programming layer (loader) 
 (/usr/local/texlive/2024/texmf-dist/tex/latex/l3backend/l3backend-pdftex.def
File: l3backend-pdftex.def 2024-02-20 L3 backend support: PDF output (pdfTeX)
\l__color_backend_stack_int=\count423
\l__pdf_internal_box=\box106
))
Package biblatex Info: ... and expl3
(biblatex)             2024-02-20 L3 programming layer (loader) 
(biblatex)             is new enough (at least 2020/04/06),
(biblatex)             setting 'casechanger=expl3'.
 (/usr/local/texlive/2024/texmf-dist/tex/latex/biblatex/blx-case-expl3.sty (/usr/local/texlive/2024/texmf-dist/tex/latex/l3packages/xparse/xparse.sty
Package: xparse 2024-02-18 L3 Experimental document command parser
)
Package: blx-case-expl3 2023/03/05 v3.19 expl3 case changing code for biblatex
))
\c@theorem=\count424
\c@prop=\count425
\c@coro=\count426
\c@conj=\count427
\c@obs=\count428
\@quotelevel=\count429
\@quotereset=\count430
 (./main.aux)
\openout1 = `main.aux'.

LaTeX Font Info:    Checking defaults for OML/cmm/m/it on input line 46.
LaTeX Font Info:    ... okay on input line 46.
LaTeX Font Info:    Checking defaults for OMS/cmsy/m/n on input line 46.
LaTeX Font Info:    ... okay on input line 46.
LaTeX Font Info:    Checking defaults for OT1/cmr/m/n on input line 46.
LaTeX Font Info:    ... okay on input line 46.
LaTeX Font Info:    Checking defaults for T1/cmr/m/n on input line 46.
LaTeX Font Info:    ... okay on input line 46.
LaTeX Font Info:    Checking defaults for TS1/cmr/m/n on input line 46.
LaTeX Font Info:    ... okay on input line 46.
LaTeX Font Info:    Checking defaults for OMX/cmex/m/n on input line 46.
LaTeX Font Info:    ... okay on input line 46.
LaTeX Font Info:    Checking defaults for U/cmr/m/n on input line 46.
LaTeX Font Info:    ... okay on input line 46.

*geometry* driver: auto-detecting
*geometry* detected driver: pdftex
*geometry* verbose mode - [ preamble ] result:
* driver: pdftex
* paper: <default>
* layout: <same size as paper>
* layoutoffset:(h,v)=(0.0pt,0.0pt)
* modes: 
* h-part:(L,W,R)=(56.9055pt, 500.484pt, 56.9055pt)
* v-part:(T,H,B)=(56.9055pt, 681.15898pt, 56.9055pt)
* \paperwidth=614.295pt
* \paperheight=794.96999pt
* \textwidth=500.484pt
* \textheight=681.15898pt
* \oddsidemargin=-15.36449pt
* \evensidemargin=-15.36449pt
* \topmargin=-52.36449pt
* \headheight=12.0pt
* \headsep=25.0pt
* \topskip=12.0pt
* \footskip=30.0pt
* \marginparwidth=44.0pt
* \marginparsep=10.0pt
* \columnsep=10.0pt
* \skip\footins=10.8pt plus 4.0pt minus 2.0pt
* \hoffset=0.0pt
* \voffset=0.0pt
* \mag=1000
* \@twocolumnfalse
* \@twosidefalse
* \@mparswitchfalse
* \@reversemarginfalse
* (1in=72.27pt=25.4mm, 1cm=28.453pt)

(/usr/local/texlive/2024/texmf-dist/tex/context/base/mkii/supp-pdf.mkii
[Loading MPS to PDF converter (version 2006.09.02).]
\scratchcounter=\count431
\scratchdimen=\dimen188
\scratchbox=\box107
\nofMPsegments=\count432
\nofMParguments=\count433
\everyMPshowfont=\toks36
\MPscratchCnt=\count434
\MPscratchDim=\dimen189
\MPnumerator=\count435
\makeMPintoPDFobject=\count436
\everyMPtoPDFconversion=\toks37
) (/usr/local/texlive/2024/texmf-dist/tex/latex/epstopdf-pkg/epstopdf-base.sty
Package: epstopdf-base 2020-01-24 v2.11 Base part for package epstopdf
Package epstopdf-base Info: Redefining graphics rule for `.eps' on input line 485.
 (/usr/local/texlive/2024/texmf-dist/tex/latex/latexconfig/epstopdf-sys.cfg
File: epstopdf-sys.cfg 2010/07/13 v1.3 Configuration of (r)epstopdf for TeX Live
))
Package caption Info: Begin \AtBeginDocument code.
Package caption Info: End \AtBeginDocument code.
Package biblatex Info: Trying to load language 'english'...
Package biblatex Info: ... file 'english.lbx' found.
 (/usr/local/texlive/2024/texmf-dist/tex/latex/biblatex/lbx/english.lbx
File: english.lbx 2023/03/05 v3.19 biblatex localization (PK/MW)
)
Package biblatex Info: Input encoding 'utf8' detected.
Package biblatex Info: Automatic encoding selection.
(biblatex)             Assuming data encoding 'utf8'.
Package biblatex Info: Input encoding 'utf8' detected.
Package biblatex Info: Data encoding 'utf8' specified.
(biblatex)             No need to reencode data.
\openout3 = `main-blx.bib'.

Package biblatex Info: Trying to load bibliographic data...
Package biblatex Info: ... file 'main.bbl' found.
 (./main.bbl)
Package biblatex Info: Reference section=0 on input line 46.
Package biblatex Info: Reference segment=0 on input line 46.
LaTeX Font Info:    Trying to load font information for U+msa on input line 52.
 (/usr/local/texlive/2024/texmf-dist/tex/latex/amsfonts/umsa.fd
File: umsa.fd 2013/01/14 v3.01 AMS symbols A
)
LaTeX Font Info:    Trying to load font information for U+msb on input line 52.
 (/usr/local/texlive/2024/texmf-dist/tex/latex/amsfonts/umsb.fd
File: umsb.fd 2013/01/14 v3.01 AMS symbols B
)
LaTeX Font Info:    Trying to load font information for U+rsfs on input line 52.
 (/usr/local/texlive/2024/texmf-dist/tex/latex/jknapltx/ursfs.fd
File: ursfs.fd 1998/03/24 rsfs font definition file (jk)
) [1

{/usr/local/texlive/2024/texmf-var/fonts/map/pdftex/updmap/pdftex.map}] [1] (./main.toc)
\tf@toc=\write4
\openout4 = `main.toc'.

 [1

]
Chapter 1.

LaTeX Warning: Citation 'LAMMPS' on page 2 undefined on input line 75.

[2

]
Chapter 2.

Package amsmath Warning: Cannot use `split' here;
(amsmath)                trying to recover with `aligned' on input line 120.

[3

] [4]
<media_paper/amp_HE_FD.png, id=34, 578.16pt x 469.755pt>
File: media_paper/amp_HE_FD.png Graphic file (type png)
<use media_paper/amp_HE_FD.png>
Package pdftex.def Info: media_paper/amp_HE_FD.png  used on input line 239.
(pdftex.def)             Requested size: 307.14749pt x 249.55673pt.
 [5]

LaTeX Warning: Citation 'copetti_1990_kinetics' on page 6 undefined on input line 277.

[6 <./media_paper/amp_HE_FD.png>]
<media_paper/gen_lj.png, id=44, 578.16pt x 469.755pt>
File: media_paper/gen_lj.png Graphic file (type png)
<use media_paper/gen_lj.png>
Package pdftex.def Info: media_paper/gen_lj.png  used on input line 285.
(pdftex.def)             Requested size: 245.71425pt x 199.63965pt.

Underfull \hbox (badness 1540) in paragraph at lines 287--287
\OT1/cmr/m/n/12 against di-men-sion-less in-ter-par-ti-cle ra-dius $[]$.
 []

LaTeX Font Info:    Trying to load font information for OMS+cmr on input line 325.
(/usr/local/texlive/2024/texmf-dist/tex/latex/base/omscmr.fd
File: omscmr.fd 2023/04/13 v2.5m Standard LaTeX font definitions
)
LaTeX Font Info:    Font shape `OMS/cmr/m/n' in size <12> not available
(Font)              Font shape `OMS/cmsy/m/n' tried instead on input line 325.


LaTeX Warning: Citation 'argon' on page 7 undefined on input line 330.


LaTeX Warning: Citation 'helium' on page 7 undefined on input line 330.


LaTeX Warning: Citation 'argon' on page 7 undefined on input line 330.


LaTeX Warning: Citation 'helium' on page 7 undefined on input line 330.

<media_paper/all_lj.png, id=45, 578.16pt x 469.755pt>
File: media_paper/all_lj.png Graphic file (type png)
<use media_paper/all_lj.png>
Package pdftex.def Info: media_paper/all_lj.png  used on input line 337.
(pdftex.def)             Requested size: 215.00699pt x 174.68828pt.
[7 <./media_paper/gen_lj.png>]

LaTeX Warning: Citation 'larson_1997_hydrodynamics' on page 8 undefined on input line 351.


LaTeX Warning: Citation 'scipy' on page 8 undefined on input line 366.

[8 <./media_paper/all_lj.png>]

LaTeX Warning: Citation 'larson_1997_hydrodynamics' on page 9 undefined on input line 415.

[9{/usr/local/texlive/2024/texmf-dist/fonts/enc/dvips/cm-super/cm-super-ts1.enc}]
<media_paper/cost.png, id=60, 578.16pt x 469.755pt>
File: media_paper/cost.png Graphic file (type png)
<use media_paper/cost.png>
Package pdftex.def Info: media_paper/cost.png  used on input line 430.
(pdftex.def)             Requested size: 307.14749pt x 249.55673pt.
<media_paper/diff0.png, id=61, 1027.84pt x 1027.84pt>
File: media_paper/diff0.png Graphic file (type png)
<use media_paper/diff0.png>
Package pdftex.def Info: media_paper/diff0.png  used on input line 466.
(pdftex.def)             Requested size: 70.63873pt x 70.6473pt.
<media_paper/diff50.png, id=62, 1027.84pt x 1027.84pt>
File: media_paper/diff50.png Graphic file (type png)
<use media_paper/diff50.png>
Package pdftex.def Info: media_paper/diff50.png  used on input line 467.
(pdftex.def)             Requested size: 70.63873pt x 70.6473pt.
<media_paper/diff200.png, id=63, 1027.84pt x 1027.84pt>
File: media_paper/diff200.png Graphic file (type png)
<use media_paper/diff200.png>
Package pdftex.def Info: media_paper/diff200.png  used on input line 468.
(pdftex.def)             Requested size: 70.63873pt x 70.6473pt.
<media_paper/diff500.png, id=64, 1027.84pt x 1027.84pt>
File: media_paper/diff500.png Graphic file (type png)
<use media_paper/diff500.png>
Package pdftex.def Info: media_paper/diff500.png  used on input line 469.
(pdftex.def)             Requested size: 70.63873pt x 70.6473pt.
<media_paper/diff1000.png, id=65, 1027.84pt x 1027.84pt>
File: media_paper/diff1000.png Graphic file (type png)
<use media_paper/diff1000.png>
Package pdftex.def Info: media_paper/diff1000.png  used on input line 470.
(pdftex.def)             Requested size: 70.63873pt x 70.6473pt.
<media_paper/cmap_MD_n=0.png, id=66, 469.755pt x 476.982pt>
File: media_paper/cmap_MD_n=0.png Graphic file (type png)
<use media_paper/cmap_MD_n=0.png>
Package pdftex.def Info: media_paper/cmap_MD_n=0.png  used on input line 473.
(pdftex.def)             Requested size: 69.57138pt x 70.6473pt.
<media_paper/cmap_MD_n=50.png, id=67, 469.755pt x 476.982pt>
File: media_paper/cmap_MD_n=50.png Graphic file (type png)
<use media_paper/cmap_MD_n=50.png>
Package pdftex.def Info: media_paper/cmap_MD_n=50.png  used on input line 474.
(pdftex.def)             Requested size: 69.57138pt x 70.6473pt.
<media_paper/cmap_MD_n=200.png, id=68, 469.755pt x 476.982pt>
File: media_paper/cmap_MD_n=200.png Graphic file (type png)
<use media_paper/cmap_MD_n=200.png>
Package pdftex.def Info: media_paper/cmap_MD_n=200.png  used on input line 475.
(pdftex.def)             Requested size: 69.57138pt x 70.6473pt.
<media_paper/cmap_MD_n=500.png, id=69, 469.755pt x 476.982pt>
File: media_paper/cmap_MD_n=500.png Graphic file (type png)
<use media_paper/cmap_MD_n=500.png>
Package pdftex.def Info: media_paper/cmap_MD_n=500.png  used on input line 476.
(pdftex.def)             Requested size: 69.57138pt x 70.6473pt.
<media_paper/cmap_MD_n=1000.png, id=70, 469.755pt x 476.982pt>
File: media_paper/cmap_MD_n=1000.png Graphic file (type png)
<use media_paper/cmap_MD_n=1000.png>
Package pdftex.def Info: media_paper/cmap_MD_n=1000.png  used on input line 478.
(pdftex.def)             Requested size: 69.57138pt x 70.6473pt.
<media_paper/cmap_FD_n=0.png, id=71, 469.755pt x 476.982pt>
File: media_paper/cmap_FD_n=0.png Graphic file (type png)
<use media_paper/cmap_FD_n=0.png>
Package pdftex.def Info: media_paper/cmap_FD_n=0.png  used on input line 481.
(pdftex.def)             Requested size: 69.57138pt x 70.6473pt.
<media_paper/cmap_FD_n=50.png, id=72, 469.755pt x 476.982pt>
File: media_paper/cmap_FD_n=50.png Graphic file (type png)
<use media_paper/cmap_FD_n=50.png>
Package pdftex.def Info: media_paper/cmap_FD_n=50.png  used on input line 482.
(pdftex.def)             Requested size: 69.57138pt x 70.6473pt.
<media_paper/cmap_FD_n=200.png, id=73, 469.755pt x 476.982pt>
File: media_paper/cmap_FD_n=200.png Graphic file (type png)
<use media_paper/cmap_FD_n=200.png>
Package pdftex.def Info: media_paper/cmap_FD_n=200.png  used on input line 483.
(pdftex.def)             Requested size: 69.57138pt x 70.6473pt.
<media_paper/cmap_FD_n=500.png, id=74, 469.755pt x 476.982pt>
File: media_paper/cmap_FD_n=500.png Graphic file (type png)
<use media_paper/cmap_FD_n=500.png>
Package pdftex.def Info: media_paper/cmap_FD_n=500.png  used on input line 484.
(pdftex.def)             Requested size: 69.57138pt x 70.6473pt.
<media_paper/cmap_FD_n=1000.png, id=75, 469.755pt x 476.982pt>
File: media_paper/cmap_FD_n=1000.png Graphic file (type png)
<use media_paper/cmap_FD_n=1000.png>
Package pdftex.def Info: media_paper/cmap_FD_n=1000.png  used on input line 486.
(pdftex.def)             Requested size: 69.57138pt x 70.6473pt.
<media_paper/surf_MD_n=0.png, id=76, 455.301pt x 411.939pt>
File: media_paper/surf_MD_n=0.png Graphic file (type png)
<use media_paper/surf_MD_n=0.png>
Package pdftex.def Info: media_paper/surf_MD_n=0.png  used on input line 489.
(pdftex.def)             Requested size: 78.08098pt x 70.6473pt.
<media_paper/surf_MD_n=50.png, id=77, 455.301pt x 411.939pt>
File: media_paper/surf_MD_n=50.png Graphic file (type png)
<use media_paper/surf_MD_n=50.png>
Package pdftex.def Info: media_paper/surf_MD_n=50.png  used on input line 490.
(pdftex.def)             Requested size: 78.08098pt x 70.6473pt.
<media_paper/surf_MD_n=200.png, id=78, 455.301pt x 411.939pt>
File: media_paper/surf_MD_n=200.png Graphic file (type png)
<use media_paper/surf_MD_n=200.png>
Package pdftex.def Info: media_paper/surf_MD_n=200.png  used on input line 491.
(pdftex.def)             Requested size: 78.08098pt x 70.6473pt.
<media_paper/surf_MD_n=500.png, id=79, 455.301pt x 411.939pt>
File: media_paper/surf_MD_n=500.png Graphic file (type png)
<use media_paper/surf_MD_n=500.png>
Package pdftex.def Info: media_paper/surf_MD_n=500.png  used on input line 492.
(pdftex.def)             Requested size: 78.08098pt x 70.6473pt.
<media_paper/surf_MD_n=1000.png, id=80, 455.301pt x 411.939pt>
File: media_paper/surf_MD_n=1000.png Graphic file (type png)
<use media_paper/surf_MD_n=1000.png>
Package pdftex.def Info: media_paper/surf_MD_n=1000.png  used on input line 494.
(pdftex.def)             Requested size: 78.08098pt x 70.6473pt.
<media_paper/surf_FD_n=0.png, id=81, 455.301pt x 411.939pt>
File: media_paper/surf_FD_n=0.png Graphic file (type png)
<use media_paper/surf_FD_n=0.png>
Package pdftex.def Info: media_paper/surf_FD_n=0.png  used on input line 497.
(pdftex.def)             Requested size: 78.08098pt x 70.6473pt.
<media_paper/surf_FD_n=50.png, id=82, 455.301pt x 411.939pt>
File: media_paper/surf_FD_n=50.png Graphic file (type png)
<use media_paper/surf_FD_n=50.png>
Package pdftex.def Info: media_paper/surf_FD_n=50.png  used on input line 498.
(pdftex.def)             Requested size: 78.08098pt x 70.6473pt.
<media_paper/surf_FD_n=200.png, id=83, 455.301pt x 411.939pt>
File: media_paper/surf_FD_n=200.png Graphic file (type png)
<use media_paper/surf_FD_n=200.png>
Package pdftex.def Info: media_paper/surf_FD_n=200.png  used on input line 499.
(pdftex.def)             Requested size: 78.08098pt x 70.6473pt.
<media_paper/surf_FD_n=500.png, id=84, 455.301pt x 411.939pt>
File: media_paper/surf_FD_n=500.png Graphic file (type png)
<use media_paper/surf_FD_n=500.png>
Package pdftex.def Info: media_paper/surf_FD_n=500.png  used on input line 500.
(pdftex.def)             Requested size: 78.08098pt x 70.6473pt.
<media_paper/surf_FD_n=1000.png, id=85, 455.301pt x 411.939pt>
File: media_paper/surf_FD_n=1000.png Graphic file (type png)
<use media_paper/surf_FD_n=1000.png>
Package pdftex.def Info: media_paper/surf_FD_n=1000.png  used on input line 502.
(pdftex.def)             Requested size: 78.08098pt x 70.6473pt.
<media_paper/diff_colorbar.png, id=86, 193.72375pt x 24.09pt>
File: media_paper/diff_colorbar.png Graphic file (type png)
<use media_paper/diff_colorbar.png>
Package pdftex.def Info: media_paper/diff_colorbar.png  used on input line 505.
(pdftex.def)             Requested size: 337.86412pt x 42.01509pt.
 [10 <./media_paper/cost.png>] [11 <./media_paper/diff0.png> <./media_paper/diff50.png> <./media_paper/diff200.png> <./media_paper/diff500.png> <./media_paper/diff1000.png> <./media_paper/cmap_MD_n=0.png> <./media_paper/cmap_MD_n=50.png> <./media_paper/cmap_MD_n=200.png> <./media_paper/cmap_MD_n=500.png> <./media_paper/cmap_MD_n=1000.png> <./media_paper/cmap_FD_n=0.png> <./media_paper/cmap_FD_n=50.png> <./media_paper/cmap_FD_n=200.png> <./media_paper/cmap_FD_n=500.png> <./media_paper/cmap_FD_n=1000.png> <./media_paper/surf_MD_n=0.png> <./media_paper/surf_MD_n=50.png> <./media_paper/surf_MD_n=200.png> <./media_paper/surf_MD_n=500.png> <./media_paper/surf_MD_n=1000.png> <./media_paper/surf_FD_n=0.png> <./media_paper/surf_FD_n=50.png> <./media_paper/surf_FD_n=200.png> <./media_paper/surf_FD_n=500.png> <./media_paper/surf_FD_n=1000.png> <./media_paper/diff_colorbar.png>]
Chapter 3.
<media_paper/gen_well.png, id=116, 578.16pt x 469.755pt>
File: media_paper/gen_well.png Graphic file (type png)
<use media_paper/gen_well.png>
Package pdftex.def Info: media_paper/gen_well.png  used on input line 527.
(pdftex.def)             Requested size: 245.71425pt x 199.63965pt.

LaTeX Warning: Citation 'copetti_1990_kinetics' on page 12 undefined on input line 540.


LaTeX Warning: Citation 'novickcohen_1984_nonlinear' on page 12 undefined on input line 540.


Underfull \hbox (badness 2460) in paragraph at lines 539--549
[]\OT1/cmr/m/n/12 The cur-va-ture of $\OML/cmm/m/it/12  $ \OT1/cmr/m/n/12 de-fines the sta-bil-
 []


Underfull \hbox (badness 1297) in paragraph at lines 539--549
\OT1/cmr/m/n/12 ity prop-er-ties of phases. Be-low the crit-i-
 []

<media_paper/our_well.png, id=117, 572.3784pt x 424.2249pt>
File: media_paper/our_well.png Graphic file (type png)
<use media_paper/our_well.png>
Package pdftex.def Info: media_paper/our_well.png  used on input line 553.
(pdftex.def)             Requested size: 245.71425pt x 182.1089pt.

LaTeX Warning: Citation 'novickcohen_1984_nonlinear' on page 12 undefined on input line 557.


LaTeX Warning: Citation 'copetti_1990_kinetics' on page 12 undefined on input line 559.


Overfull \hbox (6.86496pt too wide) in paragraph at lines 557--560
\OT1/cmr/m/n/12 poly-no-mial [[]]. For
 []


Underfull \hbox (badness 5622) in paragraph at lines 557--560
\OT1/cmr/m/n/12 our dif-fer-en-tial equa-tion mod-els, we can
 []


Overfull \hbox (75.3041pt too wide) in paragraph at lines 557--560
\OT1/cmr/m/n/12 re-strict our at-ten-tion to sym-met-ric $\OML/cmm/m/it/12  $\OT1/cmr/m/n/12 . [[]]
 []

[12

 <./media_paper/gen_well.png> <./media_paper/our_well.png>]

LaTeX Warning: Citation 'cahn_1958_free' on page 13 undefined on input line 580.

[13] [14] [15] [16]

Package amsmath Warning: Cannot use `split' here;
(amsmath)                trying to recover with `aligned' on input line 807.

[17]

Package amsmath Warning: Cannot use `split' here;
(amsmath)                trying to recover with `aligned' on input line 880.

<media_paper/ACphase.png, id=139, 1278.7775pt x 833.1125pt>
File: media_paper/ACphase.png Graphic file (type png)
<use media_paper/ACphase.png>
Package pdftex.def Info: media_paper/ACphase.png  used on input line 890.
(pdftex.def)             Requested size: 184.29036pt x 120.05455pt.
[18]
<media_paper/lin_AC_amp.png, id=143, 578.16pt x 469.755pt>
File: media_paper/lin_AC_amp.png Graphic file (type png)
<use media_paper/lin_AC_amp.png>
Package pdftex.def Info: media_paper/lin_AC_amp.png  used on input line 909.
(pdftex.def)             Requested size: 184.29036pt x 149.72974pt.
 [19 <./media_paper/ACphase.png> <./media_paper/lin_AC_amp.png>] [20]
<media_paper/ga0.01_AC_FD.png, id=152, 578.16pt x 469.755pt>
File: media_paper/ga0.01_AC_FD.png Graphic file (type png)
<use media_paper/ga0.01_AC_FD.png>
Package pdftex.def Info: media_paper/ga0.01_AC_FD.png  used on input line 1020.
(pdftex.def)             Requested size: 122.85712pt x 99.81982pt.
<media_paper/ga1_AC_FD.png, id=153, 578.16pt x 469.755pt>
File: media_paper/ga1_AC_FD.png Graphic file (type png)
<use media_paper/ga1_AC_FD.png>
Package pdftex.def Info: media_paper/ga1_AC_FD.png  used on input line 1021.
(pdftex.def)             Requested size: 122.85712pt x 99.81982pt.
<media_paper/ga100_AC_FD.png, id=154, 578.16pt x 469.755pt>
File: media_paper/ga100_AC_FD.png Graphic file (type png)
<use media_paper/ga100_AC_FD.png>
Package pdftex.def Info: media_paper/ga100_AC_FD.png  used on input line 1022.
(pdftex.def)             Requested size: 122.85712pt x 99.81982pt.
<media_paper/stable_AC_FD_0.png, id=155, 578.16pt x 469.755pt>
File: media_paper/stable_AC_FD_0.png Graphic file (type png)
<use media_paper/stable_AC_FD_0.png>
Package pdftex.def Info: media_paper/stable_AC_FD_0.png  used on input line 1065.
(pdftex.def)             Requested size: 172.00185pt x 139.75206pt.
<media_paper/unstable_AC_FD_0.png, id=156, 578.16pt x 469.755pt>
File: media_paper/unstable_AC_FD_0.png Graphic file (type png)
<use media_paper/unstable_AC_FD_0.png>
Package pdftex.def Info: media_paper/unstable_AC_FD_0.png  used on input line 1066.
(pdftex.def)             Requested size: 172.00185pt x 139.75206pt.
<media_paper/stable_AC_FD_500.png, id=157, 578.16pt x 469.755pt>
File: media_paper/stable_AC_FD_500.png Graphic file (type png)
<use media_paper/stable_AC_FD_500.png>
Package pdftex.def Info: media_paper/stable_AC_FD_500.png  used on input line 1067.
(pdftex.def)             Requested size: 172.00185pt x 139.75206pt.
<media_paper/unstable_AC_FD_500.png, id=158, 578.16pt x 469.755pt>
File: media_paper/unstable_AC_FD_500.png Graphic file (type png)
<use media_paper/unstable_AC_FD_500.png>
Package pdftex.def Info: media_paper/unstable_AC_FD_500.png  used on input line 1068.
(pdftex.def)             Requested size: 172.00185pt x 139.75206pt.
<media_paper/stable_AC_FD_700.png, id=159, 578.16pt x 469.755pt>
File: media_paper/stable_AC_FD_700.png Graphic file (type png)
<use media_paper/stable_AC_FD_700.png>
Package pdftex.def Info: media_paper/stable_AC_FD_700.png  used on input line 1069.
(pdftex.def)             Requested size: 172.00185pt x 139.75206pt.
<media_paper/unstable_AC_FD_700.png, id=160, 578.16pt x 469.755pt>
File: media_paper/unstable_AC_FD_700.png Graphic file (type png)
<use media_paper/unstable_AC_FD_700.png>
Package pdftex.def Info: media_paper/unstable_AC_FD_700.png  used on input line 1070.
(pdftex.def)             Requested size: 172.00185pt x 139.75206pt.
<media_paper/stable_AC_FD_715.png, id=161, 578.16pt x 469.755pt>
File: media_paper/stable_AC_FD_715.png Graphic file (type png)
<use media_paper/stable_AC_FD_715.png>
Package pdftex.def Info: media_paper/stable_AC_FD_715.png  used on input line 1071.
(pdftex.def)             Requested size: 172.00185pt x 139.75206pt.
<media_paper/unstable_AC_FD_715.png, id=162, 578.16pt x 469.755pt>
File: media_paper/unstable_AC_FD_715.png Graphic file (type png)
<use media_paper/unstable_AC_FD_715.png>
Package pdftex.def Info: media_paper/unstable_AC_FD_715.png  used on input line 1072.
(pdftex.def)             Requested size: 172.00185pt x 139.75206pt.
 [21 <./media_paper/ga0.01_AC_FD.png> <./media_paper/ga1_AC_FD.png> <./media_paper/ga100_AC_FD.png>]
Overfull \vbox (6.74937pt too high) has occurred while \output is active []

 [22 <./media_paper/stable_AC_FD_0.png> <./media_paper/unstable_AC_FD_0.png> <./media_paper/stable_AC_FD_500.png> <./media_paper/unstable_AC_FD_500.png> <./media_paper/stable_AC_FD_700.png> <./media_paper/unstable_AC_FD_700.png> <./media_paper/stable_AC_FD_715.png> <./media_paper/unstable_AC_FD_715.png>]
<media_paper/stable_AC_CN_0.png, id=180, 578.16pt x 469.755pt>
File: media_paper/stable_AC_CN_0.png Graphic file (type png)
<use media_paper/stable_AC_CN_0.png>
Package pdftex.def Info: media_paper/stable_AC_CN_0.png  used on input line 1084.
(pdftex.def)             Requested size: 172.00185pt x 139.75206pt.
File: media_paper/stable_AC_CN_0.png Graphic file (type png)
<use media_paper/stable_AC_CN_0.png>
Package pdftex.def Info: media_paper/stable_AC_CN_0.png  used on input line 1085.
(pdftex.def)             Requested size: 172.00185pt x 139.75206pt.
<media_paper/stable_AC_CN_1.png, id=181, 578.16pt x 469.755pt>
File: media_paper/stable_AC_CN_1.png Graphic file (type png)
<use media_paper/stable_AC_CN_1.png>
Package pdftex.def Info: media_paper/stable_AC_CN_1.png  used on input line 1086.
(pdftex.def)             Requested size: 172.00185pt x 139.75206pt.
File: media_paper/stable_AC_CN_1.png Graphic file (type png)
<use media_paper/stable_AC_CN_1.png>
Package pdftex.def Info: media_paper/stable_AC_CN_1.png  used on input line 1087.
(pdftex.def)             Requested size: 172.00185pt x 139.75206pt.
<media_paper/stable_AC_CN_5.png, id=182, 578.16pt x 469.755pt>
File: media_paper/stable_AC_CN_5.png Graphic file (type png)
<use media_paper/stable_AC_CN_5.png>
Package pdftex.def Info: media_paper/stable_AC_CN_5.png  used on input line 1090.
(pdftex.def)             Requested size: 172.00185pt x 139.75206pt.
File: media_paper/stable_AC_CN_5.png Graphic file (type png)
<use media_paper/stable_AC_CN_5.png>
Package pdftex.def Info: media_paper/stable_AC_CN_5.png  used on input line 1091.
(pdftex.def)             Requested size: 172.00185pt x 139.75206pt.
<media_paper/stable_AC_CN_1000.png, id=183, 578.16pt x 469.755pt>
File: media_paper/stable_AC_CN_1000.png Graphic file (type png)
<use media_paper/stable_AC_CN_1000.png>
Package pdftex.def Info: media_paper/stable_AC_CN_1000.png  used on input line 1092.
(pdftex.def)             Requested size: 172.00185pt x 139.75206pt.
File: media_paper/stable_AC_CN_1000.png Graphic file (type png)
<use media_paper/stable_AC_CN_1000.png>
Package pdftex.def Info: media_paper/stable_AC_CN_1000.png  used on input line 1093.
(pdftex.def)             Requested size: 172.00185pt x 139.75206pt.


Package amsmath Warning: Cannot use `split' here;
(amsmath)                trying to recover with `aligned' on input line 1114.

[23 <./media_paper/stable_AC_CN_0.png> <./media_paper/stable_AC_CN_1.png> <./media_paper/stable_AC_CN_5.png> <./media_paper/stable_AC_CN_1000.png>]

LaTeX Warning: Citation 'copetti_1990_kinetics' on page 24 undefined on input line 1117.


LaTeX Warning: Citation 'novickcohen_1984_nonlinear' on page 24 undefined on input line 1141.

<media_paper/lin_CH_amp.png, id=192, 578.16pt x 469.755pt>
File: media_paper/lin_CH_amp.png Graphic file (type png)
<use media_paper/lin_CH_amp.png>
Package pdftex.def Info: media_paper/lin_CH_amp.png  used on input line 1145.
(pdftex.def)             Requested size: 245.71425pt x 199.63965pt.

LaTeX Warning: Citation 'copetti_1990_kinetics' on page 24 undefined on input line 1149.


LaTeX Warning: Citation 'copetti_1990_kinetics' on page 24 undefined on input line 1149.


Underfull \hbox (badness 1082) in paragraph at lines 1149--1149
[]\OT1/cmr/m/n/12 Figure 3.8: |The am-pli-fi-ca-tion fac-tor $\OMS/cmsy/m/n/12 ^^@\OML/cmm/m/it/12 A[]$
 []


Overfull \hbox (6.39297pt too wide) in paragraph at lines 1141--1151
\OT1/cmr/m/n/12 the Euler-Lagrange equa-tion (3.10[]) for the phase en-ergy func-tional [[]].
 []

[24]
Overfull \hbox (7.51999pt too wide) in paragraph at lines 1175--1175
|[]\OT1/cmr/bx/n/14.4 Finite Dif-fer-ence Ap-proaches| 
 []

[25 <./media_paper/lin_CH_amp.png>]
<media_paper/ga0.01_CH_FD.png, id=200, 578.16pt x 469.755pt>
File: media_paper/ga0.01_CH_FD.png Graphic file (type png)
<use media_paper/ga0.01_CH_FD.png>
Package pdftex.def Info: media_paper/ga0.01_CH_FD.png  used on input line 1244.
(pdftex.def)             Requested size: 122.85712pt x 99.81982pt.
<media_paper/ga1_CH_FD.png, id=201, 578.16pt x 469.755pt>
File: media_paper/ga1_CH_FD.png Graphic file (type png)
<use media_paper/ga1_CH_FD.png>
Package pdftex.def Info: media_paper/ga1_CH_FD.png  used on input line 1245.
(pdftex.def)             Requested size: 122.85712pt x 99.81982pt.
<media_paper/ga100_CH_FD.png, id=202, 578.16pt x 469.755pt>
File: media_paper/ga100_CH_FD.png Graphic file (type png)
<use media_paper/ga100_CH_FD.png>
Package pdftex.def Info: media_paper/ga100_CH_FD.png  used on input line 1246.
(pdftex.def)             Requested size: 122.85712pt x 99.81982pt.
 [26]
<media_paper/ga0.01_CH_CN.png, id=206, 578.16pt x 469.755pt>
File: media_paper/ga0.01_CH_CN.png Graphic file (type png)
<use media_paper/ga0.01_CH_CN.png>
Package pdftex.def Info: media_paper/ga0.01_CH_CN.png  used on input line 1286.
(pdftex.def)             Requested size: 122.85712pt x 99.81982pt.
<media_paper/ga1_CH_CN.png, id=207, 578.16pt x 469.755pt>
File: media_paper/ga1_CH_CN.png Graphic file (type png)
<use media_paper/ga1_CH_CN.png>
Package pdftex.def Info: media_paper/ga1_CH_CN.png  used on input line 1287.
(pdftex.def)             Requested size: 122.85712pt x 99.81982pt.
<media_paper/ga100_CH_CN.png, id=208, 578.16pt x 469.755pt>
File: media_paper/ga100_CH_CN.png Graphic file (type png)
<use media_paper/ga100_CH_CN.png>
Package pdftex.def Info: media_paper/ga100_CH_CN.png  used on input line 1288.
(pdftex.def)             Requested size: 122.85712pt x 99.81982pt.
 [27 <./media_paper/ga0.01_CH_FD.png> <./media_paper/ga1_CH_FD.png> <./media_paper/ga100_CH_FD.png>]
<media_paper/stable_CH_FD_0.png, id=215, 462.528pt x 346.896pt>
File: media_paper/stable_CH_FD_0.png Graphic file (type png)
<use media_paper/stable_CH_FD_0.png>
Package pdftex.def Info: media_paper/stable_CH_FD_0.png  used on input line 1300.
(pdftex.def)             Requested size: 172.00185pt x 129.00056pt.
<media_paper/unstable_CH_FD_0.png, id=216, 462.528pt x 346.896pt>
File: media_paper/unstable_CH_FD_0.png Graphic file (type png)
<use media_paper/unstable_CH_FD_0.png>
Package pdftex.def Info: media_paper/unstable_CH_FD_0.png  used on input line 1301.
(pdftex.def)             Requested size: 172.00185pt x 129.00056pt.
<media_paper/stable_CH_FD_1000.png, id=217, 462.528pt x 346.896pt>
File: media_paper/stable_CH_FD_1000.png Graphic file (type png)
<use media_paper/stable_CH_FD_1000.png>
Package pdftex.def Info: media_paper/stable_CH_FD_1000.png  used on input line 1304.
(pdftex.def)             Requested size: 172.00185pt x 129.00056pt.
<media_paper/unstable_CH_FD_1000.png, id=218, 462.528pt x 346.896pt>
File: media_paper/unstable_CH_FD_1000.png Graphic file (type png)
<use media_paper/unstable_CH_FD_1000.png>
Package pdftex.def Info: media_paper/unstable_CH_FD_1000.png  used on input line 1305.
(pdftex.def)             Requested size: 172.00185pt x 129.00056pt.
<media_paper/stable_CH_FD_2600.png, id=219, 462.528pt x 346.896pt>
File: media_paper/stable_CH_FD_2600.png Graphic file (type png)
<use media_paper/stable_CH_FD_2600.png>
Package pdftex.def Info: media_paper/stable_CH_FD_2600.png  used on input line 1306.
(pdftex.def)             Requested size: 172.00185pt x 129.00056pt.
<media_paper/unstable_CH_FD_2600.png, id=220, 462.528pt x 346.896pt>
File: media_paper/unstable_CH_FD_2600.png Graphic file (type png)
<use media_paper/unstable_CH_FD_2600.png>
Package pdftex.def Info: media_paper/unstable_CH_FD_2600.png  used on input line 1307.
(pdftex.def)             Requested size: 172.00185pt x 129.00056pt.
<media_paper/stable_CH_FD_2770.png, id=221, 462.528pt x 346.896pt>
File: media_paper/stable_CH_FD_2770.png Graphic file (type png)
<use media_paper/stable_CH_FD_2770.png>
Package pdftex.def Info: media_paper/stable_CH_FD_2770.png  used on input line 1308.
(pdftex.def)             Requested size: 172.00185pt x 129.00056pt.
<media_paper/unstable_CH_FD_2770.png, id=222, 462.528pt x 346.896pt>
File: media_paper/unstable_CH_FD_2770.png Graphic file (type png)
<use media_paper/unstable_CH_FD_2770.png>
Package pdftex.def Info: media_paper/unstable_CH_FD_2770.png  used on input line 1309.
(pdftex.def)             Requested size: 172.00185pt x 129.00056pt.
 [28 <./media_paper/ga0.01_CH_CN.png> <./media_paper/ga1_CH_CN.png> <./media_paper/ga100_CH_CN.png>]
<media_paper/very_stable_CH_CN_0.png, id=229, 578.16pt x 469.755pt>
File: media_paper/very_stable_CH_CN_0.png Graphic file (type png)
<use media_paper/very_stable_CH_CN_0.png>
Package pdftex.def Info: media_paper/very_stable_CH_CN_0.png  used on input line 1331.
(pdftex.def)             Requested size: 153.57375pt x 124.77837pt.
<media_paper/stable_CH_CN_0.png, id=230, 578.16pt x 469.755pt>
File: media_paper/stable_CH_CN_0.png Graphic file (type png)
<use media_paper/stable_CH_CN_0.png>
Package pdftex.def Info: media_paper/stable_CH_CN_0.png  used on input line 1332.
(pdftex.def)             Requested size: 153.57375pt x 124.77837pt.
<media_paper/unstable_CH_CN_0.png, id=231, 578.16pt x 469.755pt>
File: media_paper/unstable_CH_CN_0.png Graphic file (type png)
<use media_paper/unstable_CH_CN_0.png>
Package pdftex.def Info: media_paper/unstable_CH_CN_0.png  used on input line 1333.
(pdftex.def)             Requested size: 153.57375pt x 124.77837pt.
<media_paper/very_stable_CH_CN_1000.png, id=232, 578.16pt x 469.755pt>
File: media_paper/very_stable_CH_CN_1000.png Graphic file (type png)
<use media_paper/very_stable_CH_CN_1000.png>
Package pdftex.def Info: media_paper/very_stable_CH_CN_1000.png  used on input line 1340.
(pdftex.def)             Requested size: 153.57375pt x 124.77837pt.
<media_paper/stable_CH_CN_100.png, id=233, 578.16pt x 469.755pt>
File: media_paper/stable_CH_CN_100.png Graphic file (type png)
<use media_paper/stable_CH_CN_100.png>
Package pdftex.def Info: media_paper/stable_CH_CN_100.png  used on input line 1341.
(pdftex.def)             Requested size: 153.57375pt x 124.77837pt.
<media_paper/unstable_CH_CN_100.png, id=234, 578.16pt x 469.755pt>
File: media_paper/unstable_CH_CN_100.png Graphic file (type png)
<use media_paper/unstable_CH_CN_100.png>
Package pdftex.def Info: media_paper/unstable_CH_CN_100.png  used on input line 1342.
(pdftex.def)             Requested size: 153.57375pt x 124.77837pt.
<media_paper/very_stable_CH_CN_32000.png, id=235, 578.16pt x 469.755pt>
File: media_paper/very_stable_CH_CN_32000.png Graphic file (type png)
<use media_paper/very_stable_CH_CN_32000.png>
Package pdftex.def Info: media_paper/very_stable_CH_CN_32000.png  used on input line 1346.
(pdftex.def)             Requested size: 153.57375pt x 124.77837pt.
<media_paper/stable_CH_CN_3200.png, id=236, 578.16pt x 469.755pt>
File: media_paper/stable_CH_CN_3200.png Graphic file (type png)
<use media_paper/stable_CH_CN_3200.png>
Package pdftex.def Info: media_paper/stable_CH_CN_3200.png  used on input line 1347.
(pdftex.def)             Requested size: 153.57375pt x 124.77837pt.
<media_paper/unstable_CH_CN_3200.png, id=237, 578.16pt x 469.755pt>
File: media_paper/unstable_CH_CN_3200.png Graphic file (type png)
<use media_paper/unstable_CH_CN_3200.png>
Package pdftex.def Info: media_paper/unstable_CH_CN_3200.png  used on input line 1348.
(pdftex.def)             Requested size: 153.57375pt x 124.77837pt.
<media_paper/very_stable_CH_CN_32170.png, id=238, 578.16pt x 469.755pt>
File: media_paper/very_stable_CH_CN_32170.png Graphic file (type png)
<use media_paper/very_stable_CH_CN_32170.png>
Package pdftex.def Info: media_paper/very_stable_CH_CN_32170.png  used on input line 1349.
(pdftex.def)             Requested size: 153.57375pt x 124.77837pt.
<media_paper/stable_CH_CN_3217.png, id=239, 578.16pt x 469.755pt>
File: media_paper/stable_CH_CN_3217.png Graphic file (type png)
<use media_paper/stable_CH_CN_3217.png>
Package pdftex.def Info: media_paper/stable_CH_CN_3217.png  used on input line 1350.
(pdftex.def)             Requested size: 153.57375pt x 124.77837pt.
<media_paper/unstable_CH_CN_3217.png, id=240, 578.16pt x 469.755pt>
File: media_paper/unstable_CH_CN_3217.png Graphic file (type png)
<use media_paper/unstable_CH_CN_3217.png>
Package pdftex.def Info: media_paper/unstable_CH_CN_3217.png  used on input line 1351.
(pdftex.def)             Requested size: 153.57375pt x 124.77837pt.
 [29 <./media_paper/stable_CH_FD_0.png> <./media_paper/unstable_CH_FD_0.png> <./media_paper/stable_CH_FD_1000.png> <./media_paper/unstable_CH_FD_1000.png> <./media_paper/stable_CH_FD_2600.png> <./media_paper/unstable_CH_FD_2600.png> <./media_paper/stable_CH_FD_2770.png> <./media_paper/unstable_CH_FD_2770.png>]
Overfull \vbox (4.8546pt too high) has occurred while \output is active []

 [30 <./media_paper/very_stable_CH_CN_0.png> <./media_paper/stable_CH_CN_0.png> <./media_paper/unstable_CH_CN_0.png> <./media_paper/very_stable_CH_CN_1000.png> <./media_paper/stable_CH_CN_100.png> <./media_paper/unstable_CH_CN_100.png> <./media_paper/very_stable_CH_CN_32000.png> <./media_paper/stable_CH_CN_3200.png> <./media_paper/unstable_CH_CN_3200.png> <./media_paper/very_stable_CH_CN_32170.png> <./media_paper/stable_CH_CN_3217.png> <./media_paper/unstable_CH_CN_3217.png>] [31]

LaTeX Warning: Citation 'LAMMPS' on page 32 undefined on input line 1441.


LaTeX Warning: Citation 'copetti_1990_kinetics' on page 32 undefined on input line 1501.

[32]

LaTeX Warning: Citation 'cahn_1958_free' on page 33 undefined on input line 1517.


LaTeX Warning: Citation 'larson_1997_hydrodynamics' on page 33 undefined on input line 1519.

<media_paper/phase0.png, id=274, 945.5325pt x 949.5475pt>
File: media_paper/phase0.png Graphic file (type png)
<use media_paper/phase0.png>
Package pdftex.def Info: media_paper/phase0.png  used on input line 1577.
(pdftex.def)             Requested size: 70.33476pt x 70.6473pt.
<media_paper/phase50.png, id=275, 945.5325pt x 949.5475pt>
File: media_paper/phase50.png Graphic file (type png)
<use media_paper/phase50.png>
Package pdftex.def Info: media_paper/phase50.png  used on input line 1578.
(pdftex.def)             Requested size: 70.33476pt x 70.6473pt.
<media_paper/phase200.png, id=276, 945.5325pt x 949.5475pt>
File: media_paper/phase200.png Graphic file (type png)
<use media_paper/phase200.png>
Package pdftex.def Info: media_paper/phase200.png  used on input line 1579.
(pdftex.def)             Requested size: 70.33476pt x 70.6473pt.
<media_paper/phase500.png, id=277, 945.5325pt x 949.5475pt>
File: media_paper/phase500.png Graphic file (type png)
<use media_paper/phase500.png>
Package pdftex.def Info: media_paper/phase500.png  used on input line 1580.
(pdftex.def)             Requested size: 70.33476pt x 70.6473pt.
<media_paper/phase1000.png, id=278, 945.5325pt x 949.5475pt>
File: media_paper/phase1000.png Graphic file (type png)
<use media_paper/phase1000.png>
Package pdftex.def Info: media_paper/phase1000.png  used on input line 1581.
(pdftex.def)             Requested size: 70.33476pt x 70.6473pt.
<media_paper/AC_cmap_MD_n=0.png, id=279, 469.755pt x 476.982pt>
File: media_paper/AC_cmap_MD_n=0.png Graphic file (type png)
<use media_paper/AC_cmap_MD_n=0.png>
Package pdftex.def Info: media_paper/AC_cmap_MD_n=0.png  used on input line 1584.
(pdftex.def)             Requested size: 69.57138pt x 70.6473pt.
<media_paper/AC_cmap_MD_n=50.png, id=280, 469.755pt x 476.982pt>
File: media_paper/AC_cmap_MD_n=50.png Graphic file (type png)
<use media_paper/AC_cmap_MD_n=50.png>
Package pdftex.def Info: media_paper/AC_cmap_MD_n=50.png  used on input line 1585.
(pdftex.def)             Requested size: 69.57138pt x 70.6473pt.
<media_paper/AC_cmap_MD_n=200.png, id=281, 469.755pt x 476.982pt>
File: media_paper/AC_cmap_MD_n=200.png Graphic file (type png)
<use media_paper/AC_cmap_MD_n=200.png>
Package pdftex.def Info: media_paper/AC_cmap_MD_n=200.png  used on input line 1586.
(pdftex.def)             Requested size: 69.57138pt x 70.6473pt.
<media_paper/AC_cmap_MD_n=500.png, id=282, 469.755pt x 476.982pt>
File: media_paper/AC_cmap_MD_n=500.png Graphic file (type png)
<use media_paper/AC_cmap_MD_n=500.png>
Package pdftex.def Info: media_paper/AC_cmap_MD_n=500.png  used on input line 1587.
(pdftex.def)             Requested size: 69.57138pt x 70.6473pt.
<media_paper/end_AC_cmap_MD_n=1000.png, id=283, 455.301pt x 476.982pt>
File: media_paper/end_AC_cmap_MD_n=1000.png Graphic file (type png)
<use media_paper/end_AC_cmap_MD_n=1000.png>
Package pdftex.def Info: media_paper/end_AC_cmap_MD_n=1000.png  used on input line 1588.
(pdftex.def)             Requested size: 67.43073pt x 70.6473pt.
<media_paper/AC_cmap_FD_n=0.png, id=284, 469.755pt x 476.982pt>
File: media_paper/AC_cmap_FD_n=0.png Graphic file (type png)
<use media_paper/AC_cmap_FD_n=0.png>
Package pdftex.def Info: media_paper/AC_cmap_FD_n=0.png  used on input line 1591.
(pdftex.def)             Requested size: 69.57138pt x 70.6473pt.
<media_paper/AC_cmap_FD_n=50.png, id=285, 469.755pt x 476.982pt>
File: media_paper/AC_cmap_FD_n=50.png Graphic file (type png)
<use media_paper/AC_cmap_FD_n=50.png>
Package pdftex.def Info: media_paper/AC_cmap_FD_n=50.png  used on input line 1592.
(pdftex.def)             Requested size: 69.57138pt x 70.6473pt.
<media_paper/AC_cmap_FD_n=200.png, id=286, 469.755pt x 476.982pt>
File: media_paper/AC_cmap_FD_n=200.png Graphic file (type png)
<use media_paper/AC_cmap_FD_n=200.png>
Package pdftex.def Info: media_paper/AC_cmap_FD_n=200.png  used on input line 1593.
(pdftex.def)             Requested size: 69.57138pt x 70.6473pt.
<media_paper/AC_cmap_FD_n=500.png, id=287, 469.755pt x 476.982pt>
File: media_paper/AC_cmap_FD_n=500.png Graphic file (type png)
<use media_paper/AC_cmap_FD_n=500.png>
Package pdftex.def Info: media_paper/AC_cmap_FD_n=500.png  used on input line 1594.
(pdftex.def)             Requested size: 69.57138pt x 70.6473pt.
<media_paper/end_AC_cmap_FD_n=1000.png, id=288, 455.301pt x 476.982pt>
File: media_paper/end_AC_cmap_FD_n=1000.png Graphic file (type png)
<use media_paper/end_AC_cmap_FD_n=1000.png>
Package pdftex.def Info: media_paper/end_AC_cmap_FD_n=1000.png  used on input line 1595.
(pdftex.def)             Requested size: 67.43073pt x 70.6473pt.
<media_paper/CH_cmap_FD_n=0.png, id=289, 469.755pt x 476.982pt>
File: media_paper/CH_cmap_FD_n=0.png Graphic file (type png)
<use media_paper/CH_cmap_FD_n=0.png>
Package pdftex.def Info: media_paper/CH_cmap_FD_n=0.png  used on input line 1598.
(pdftex.def)             Requested size: 69.57138pt x 70.6473pt.
<media_paper/CH_cmap_FD_n=50.png, id=290, 469.755pt x 476.982pt>
File: media_paper/CH_cmap_FD_n=50.png Graphic file (type png)
<use media_paper/CH_cmap_FD_n=50.png>
Package pdftex.def Info: media_paper/CH_cmap_FD_n=50.png  used on input line 1599.
(pdftex.def)             Requested size: 69.57138pt x 70.6473pt.
<media_paper/CH_cmap_FD_n=200.png, id=291, 469.755pt x 476.982pt>
File: media_paper/CH_cmap_FD_n=200.png Graphic file (type png)
<use media_paper/CH_cmap_FD_n=200.png>
Package pdftex.def Info: media_paper/CH_cmap_FD_n=200.png  used on input line 1600.
(pdftex.def)             Requested size: 69.57138pt x 70.6473pt.
<media_paper/CH_cmap_FD_n=500.png, id=292, 469.755pt x 476.982pt>
File: media_paper/CH_cmap_FD_n=500.png Graphic file (type png)
<use media_paper/CH_cmap_FD_n=500.png>
Package pdftex.def Info: media_paper/CH_cmap_FD_n=500.png  used on input line 1601.
(pdftex.def)             Requested size: 69.57138pt x 70.6473pt.
<media_paper/end_CH_cmap_FD_n=1000.png, id=293, 455.301pt x 476.982pt>
File: media_paper/end_CH_cmap_FD_n=1000.png Graphic file (type png)
<use media_paper/end_CH_cmap_FD_n=1000.png>
Package pdftex.def Info: media_paper/end_CH_cmap_FD_n=1000.png  used on input line 1602.
(pdftex.def)             Requested size: 67.43073pt x 70.6473pt.
<media_paper/AC_surf_MD_n=0.png, id=294, 473.3685pt x 411.939pt>
File: media_paper/AC_surf_MD_n=0.png Graphic file (type png)
<use media_paper/AC_surf_MD_n=0.png>
Package pdftex.def Info: media_paper/AC_surf_MD_n=0.png  used on input line 1605.
(pdftex.def)             Requested size: 81.17943pt x 70.6473pt.
<media_paper/AC_surf_MD_n=50.png, id=295, 473.3685pt x 411.939pt>
File: media_paper/AC_surf_MD_n=50.png Graphic file (type png)
<use media_paper/AC_surf_MD_n=50.png>
Package pdftex.def Info: media_paper/AC_surf_MD_n=50.png  used on input line 1606.
(pdftex.def)             Requested size: 81.17943pt x 70.6473pt.
<media_paper/AC_surf_MD_n=200.png, id=296, 473.3685pt x 411.939pt>
File: media_paper/AC_surf_MD_n=200.png Graphic file (type png)
<use media_paper/AC_surf_MD_n=200.png>
Package pdftex.def Info: media_paper/AC_surf_MD_n=200.png  used on input line 1607.
(pdftex.def)             Requested size: 81.17943pt x 70.6473pt.
<media_paper/AC_surf_MD_n=500.png, id=297, 473.3685pt x 411.939pt>
File: media_paper/AC_surf_MD_n=500.png Graphic file (type png)
<use media_paper/AC_surf_MD_n=500.png>
Package pdftex.def Info: media_paper/AC_surf_MD_n=500.png  used on input line 1608.
(pdftex.def)             Requested size: 81.17943pt x 70.6473pt.
<media_paper/end_AC_surf_MD_n=1000.png, id=298, 444.4605pt x 411.939pt>
File: media_paper/end_AC_surf_MD_n=1000.png Graphic file (type png)
<use media_paper/end_AC_surf_MD_n=1000.png>
Package pdftex.def Info: media_paper/end_AC_surf_MD_n=1000.png  used on input line 1609.
(pdftex.def)             Requested size: 76.22191pt x 70.6473pt.
<media_paper/AC_surf_FD_n=0.png, id=299, 473.3685pt x 411.939pt>
File: media_paper/AC_surf_FD_n=0.png Graphic file (type png)
<use media_paper/AC_surf_FD_n=0.png>
Package pdftex.def Info: media_paper/AC_surf_FD_n=0.png  used on input line 1612.
(pdftex.def)             Requested size: 81.17943pt x 70.6473pt.
<media_paper/AC_surf_FD_n=50.png, id=300, 473.3685pt x 411.939pt>
File: media_paper/AC_surf_FD_n=50.png Graphic file (type png)
<use media_paper/AC_surf_FD_n=50.png>
Package pdftex.def Info: media_paper/AC_surf_FD_n=50.png  used on input line 1613.
(pdftex.def)             Requested size: 81.17943pt x 70.6473pt.
<media_paper/AC_surf_FD_n=200.png, id=301, 473.3685pt x 411.939pt>
File: media_paper/AC_surf_FD_n=200.png Graphic file (type png)
<use media_paper/AC_surf_FD_n=200.png>
Package pdftex.def Info: media_paper/AC_surf_FD_n=200.png  used on input line 1614.
(pdftex.def)             Requested size: 81.17943pt x 70.6473pt.
<media_paper/AC_surf_FD_n=500.png, id=302, 473.3685pt x 411.939pt>
File: media_paper/AC_surf_FD_n=500.png Graphic file (type png)
<use media_paper/AC_surf_FD_n=500.png>
Package pdftex.def Info: media_paper/AC_surf_FD_n=500.png  used on input line 1615.
(pdftex.def)             Requested size: 81.17943pt x 70.6473pt.
<media_paper/end_AC_surf_FD_n=1000.png, id=303, 444.4605pt x 411.939pt>
File: media_paper/end_AC_surf_FD_n=1000.png Graphic file (type png)
<use media_paper/end_AC_surf_FD_n=1000.png>
Package pdftex.def Info: media_paper/end_AC_surf_FD_n=1000.png  used on input line 1616.
(pdftex.def)             Requested size: 76.22191pt x 70.6473pt.
<media_paper/CH_surf_FD_n=0.png, id=304, 473.3685pt x 411.939pt>
File: media_paper/CH_surf_FD_n=0.png Graphic file (type png)
<use media_paper/CH_surf_FD_n=0.png>
Package pdftex.def Info: media_paper/CH_surf_FD_n=0.png  used on input line 1619.
(pdftex.def)             Requested size: 81.17943pt x 70.6473pt.
<media_paper/CH_surf_FD_n=50.png, id=305, 473.3685pt x 411.939pt>
File: media_paper/CH_surf_FD_n=50.png Graphic file (type png)
<use media_paper/CH_surf_FD_n=50.png>
Package pdftex.def Info: media_paper/CH_surf_FD_n=50.png  used on input line 1620.
(pdftex.def)             Requested size: 81.17943pt x 70.6473pt.
<media_paper/CH_surf_FD_n=200.png, id=306, 473.3685pt x 411.939pt>
File: media_paper/CH_surf_FD_n=200.png Graphic file (type png)
<use media_paper/CH_surf_FD_n=200.png>
Package pdftex.def Info: media_paper/CH_surf_FD_n=200.png  used on input line 1621.
(pdftex.def)             Requested size: 81.17943pt x 70.6473pt.
<media_paper/CH_surf_FD_n=500.png, id=307, 473.3685pt x 411.939pt>
File: media_paper/CH_surf_FD_n=500.png Graphic file (type png)
<use media_paper/CH_surf_FD_n=500.png>
Package pdftex.def Info: media_paper/CH_surf_FD_n=500.png  used on input line 1622.
(pdftex.def)             Requested size: 81.17943pt x 70.6473pt.
<media_paper/end_CH_surf_FD_n=1000.png, id=308, 444.4605pt x 411.939pt>
File: media_paper/end_CH_surf_FD_n=1000.png Graphic file (type png)
<use media_paper/end_CH_surf_FD_n=1000.png>
Package pdftex.def Info: media_paper/end_CH_surf_FD_n=1000.png  used on input line 1623.
(pdftex.def)             Requested size: 76.22191pt x 70.6473pt.
<media_paper/phase_colorbar.png, id=309, 197.73875pt x 24.09pt>
File: media_paper/phase_colorbar.png Graphic file (type png)
<use media_paper/phase_colorbar.png>
Package pdftex.def Info: media_paper/phase_colorbar.png  used on input line 1626.
(pdftex.def)             Requested size: 337.86412pt x 41.16487pt.
[33]

LaTeX Warning: Empty bibliography on input line 1647.

[34 <./media_paper/phase0.png> <./media_paper/phase50.png> <./media_paper/phase200.png> <./media_paper/phase500.png> <./media_paper/phase1000.png> <./media_paper/AC_cmap_MD_n=0.png> <./media_paper/AC_cmap_MD_n=50.png> <./media_paper/AC_cmap_MD_n=200.png> <./media_paper/AC_cmap_MD_n=500.png> <./media_paper/end_AC_cmap_MD_n=1000.png> <./media_paper/AC_cmap_FD_n=0.png> <./media_paper/AC_cmap_FD_n=50.png> <./media_paper/AC_cmap_FD_n=200.png> <./media_paper/AC_cmap_FD_n=500.png> <./media_paper/end_AC_cmap_FD_n=1000.png> <./media_paper/CH_cmap_FD_n=0.png> <./media_paper/CH_cmap_FD_n=50.png> <./media_paper/CH_cmap_FD_n=200.png> <./media_paper/CH_cmap_FD_n=500.png> <./media_paper/end_CH_cmap_FD_n=1000.png> <./media_paper/AC_surf_MD_n=0.png> <./media_paper/AC_surf_MD_n=50.png> <./media_paper/AC_surf_MD_n=200.png> <./media_paper/AC_surf_MD_n=500.png> <./media_paper/end_AC_surf_MD_n=1000.png> <./media_paper/AC_surf_FD_n=0.png> <./media_paper/AC_surf_FD_n=50.png> <./media_paper/AC_surf_FD_n=200.png> <./media_paper/AC_surf_FD_n=500.png> <./media_paper/end_AC_surf_FD_n=1000.png> <./media_paper/CH_surf_FD_n=0.png> <./media_paper/CH_surf_FD_n=50.png> <./media_paper/CH_surf_FD_n=200.png> <./media_paper/CH_surf_FD_n=500.png> <./media_paper/end_CH_surf_FD_n=1000.png> <./media_paper/phase_colorbar.png>] (./main.aux)
 ***********
LaTeX2e <2023-11-01> patch level 1
L3 programming layer <2024-02-20>
 ***********


LaTeX Warning: There were undefined references.


Package biblatex Warning: Please (re)run BibTeX on the file(s):
(biblatex)                main
(biblatex)                and rerun LaTeX afterwards.

Package logreq Info: Writing requests to 'main.run.xml'.
\openout1 = `main.run.xml'.

 ) 
Here is how much of TeX's memory you used:
 14702 strings out of 474116
 283106 string characters out of 5743683
 1950187 words of memory out of 5000000
 36897 multiletter control sequences out of 15000+600000
 569939 words of font info for 84 fonts, out of 8000000 for 9000
 1141 hyphenation exceptions out of 8191
 72i,22n,81p,1935b,1487s stack positions out of 10000i,1000n,20000p,200000b,200000s
</usr/local/texlive/2024/texmf-dist/fonts/type1/public/amsfonts/cm/cmbx12.pfb></usr/local/texlive/2024/texmf-dist/fonts/type1/public/amsfonts/cm/cmex10.pfb></usr/local/texlive/2024/texmf-dist/fonts/type1/public/amsfonts/cm/cmmi12.pfb></usr/local/texlive/2024/texmf-dist/fonts/type1/public/amsfonts/cm/cmmi6.pfb></usr/local/texlive/2024/texmf-dist/fonts/type1/public/amsfonts/cm/cmmi8.pfb></usr/local/texlive/2024/texmf-dist/fonts/type1/public/amsfonts/cm/cmr12.pfb></usr/local/texlive/2024/texmf-dist/fonts/type1/public/amsfonts/cm/cmr17.pfb></usr/local/texlive/2024/texmf-dist/fonts/type1/public/amsfonts/cm/cmr6.pfb></usr/local/texlive/2024/texmf-dist/fonts/type1/public/amsfonts/cm/cmr8.pfb></usr/local/texlive/2024/texmf-dist/fonts/type1/public/amsfonts/cm/cmsy10.pfb></usr/local/texlive/2024/texmf-dist/fonts/type1/public/amsfonts/cm/cmsy6.pfb></usr/local/texlive/2024/texmf-dist/fonts/type1/public/amsfonts/cm/cmsy8.pfb></usr/local/texlive/2024/texmf-dist/fonts/type1/public/amsfonts/cm/cmti12.pfb></usr/local/texlive/2024/texmf-dist/fonts/type1/public/amsfonts/cm/cmtt12.pfb></usr/local/texlive/2024/texmf-dist/fonts/type1/public/amsfonts/symbols/msbm10.pfb></usr/local/texlive/2024/texmf-dist/fonts/type1/public/cm-super/sfrm1200.pfb>
Output written on main.pdf (36 pages, 17506177 bytes).
PDF statistics:
 416 PDF objects out of 1000 (max. 8388607)
 130 compressed objects within 2 object streams
 0 named destinations out of 1000 (max. 500000)
 561 words of extra memory for PDF output out of 10000 (max. 10000000)

