This is pdfTeX, Version 3.141592653-2.6-1.40.26 (TeX Live 2024) (preloaded format=pdflatex 2024.7.8)  16 JUL 2024 14:41
entering extended mode
 restricted \write18 enabled.
 file:line:error style messages enabled.
 %&-line parsing enabled.
**"/Users/isaacviviano/Desktop/Math-Notes/REU 2024/Paper/main"
(/Users/isaacviviano/Desktop/Math-Notes/REU 2024/Paper/main.tex
LaTeX2e <2023-11-01> patch level 1
L3 programming layer <2024-02-20>
(/usr/local/texlive/2024/texmf-dist/tex/latex/base/report.cls
Document Class: report 2023/05/17 v1.4n Standard LaTeX document class
(/usr/local/texlive/2024/texmf-dist/tex/latex/base/size12.clo
File: size12.clo 2023/05/17 v1.4n Standard LaTeX file (size option)
)
\c@part=\count188
\c@chapter=\count189
\c@section=\count190
\c@subsection=\count191
\c@subsubsection=\count192
\c@paragraph=\count193
\c@subparagraph=\count194
\c@figure=\count195
\c@table=\count196
\abovecaptionskip=\skip48
\belowcaptionskip=\skip49
\bibindent=\dimen140
) (/usr/local/texlive/2024/texmf-dist/tex/latex/amsfonts/amssymb.sty
Package: amssymb 2013/01/14 v3.01 AMS font symbols
 (/usr/local/texlive/2024/texmf-dist/tex/latex/amsfonts/amsfonts.sty
Package: amsfonts 2013/01/14 v3.01 Basic AMSFonts support
\@emptytoks=\toks17
\symAMSa=\mathgroup4
\symAMSb=\mathgroup5
LaTeX Font Info:    Redeclaring math symbol \hbar on input line 98.
LaTeX Font Info:    Overwriting math alphabet `\mathfrak' in version `bold'
(Font)                  U/euf/m/n --> U/euf/b/n on input line 106.
)) (/usr/local/texlive/2024/texmf-dist/tex/latex/amsmath/amsmath.sty
Package: amsmath 2023/05/13 v2.17o AMS math features
\@mathmargin=\skip50

For additional information on amsmath, use the `?' option.
(/usr/local/texlive/2024/texmf-dist/tex/latex/amsmath/amstext.sty
Package: amstext 2021/08/26 v2.01 AMS text
 (/usr/local/texlive/2024/texmf-dist/tex/latex/amsmath/amsgen.sty
File: amsgen.sty 1999/11/30 v2.0 generic functions
\@emptytoks=\toks18
\ex@=\dimen141
)) (/usr/local/texlive/2024/texmf-dist/tex/latex/amsmath/amsbsy.sty
Package: amsbsy 1999/11/29 v1.2d Bold Symbols
\pmbraise@=\dimen142
) (/usr/local/texlive/2024/texmf-dist/tex/latex/amsmath/amsopn.sty
Package: amsopn 2022/04/08 v2.04 operator names
)
\inf@bad=\count197
LaTeX Info: Redefining \frac on input line 234.
\uproot@=\count198
\leftroot@=\count199
LaTeX Info: Redefining \overline on input line 399.
LaTeX Info: Redefining \colon on input line 410.
\classnum@=\count266
\DOTSCASE@=\count267
LaTeX Info: Redefining \ldots on input line 496.
LaTeX Info: Redefining \dots on input line 499.
LaTeX Info: Redefining \cdots on input line 620.
\Mathstrutbox@=\box51
\strutbox@=\box52
LaTeX Info: Redefining \big on input line 722.
LaTeX Info: Redefining \Big on input line 723.
LaTeX Info: Redefining \bigg on input line 724.
LaTeX Info: Redefining \Bigg on input line 725.
\big@size=\dimen143
LaTeX Font Info:    Redeclaring font encoding OML on input line 743.
LaTeX Font Info:    Redeclaring font encoding OMS on input line 744.
\macc@depth=\count268
LaTeX Info: Redefining \bmod on input line 905.
LaTeX Info: Redefining \pmod on input line 910.
LaTeX Info: Redefining \smash on input line 940.
LaTeX Info: Redefining \relbar on input line 970.
LaTeX Info: Redefining \Relbar on input line 971.
\c@MaxMatrixCols=\count269
\dotsspace@=\muskip16
\c@parentequation=\count270
\dspbrk@lvl=\count271
\tag@help=\toks19
\row@=\count272
\column@=\count273
\maxfields@=\count274
\andhelp@=\toks20
\eqnshift@=\dimen144
\alignsep@=\dimen145
\tagshift@=\dimen146
\tagwidth@=\dimen147
\totwidth@=\dimen148
\lineht@=\dimen149
\@envbody=\toks21
\multlinegap=\skip51
\multlinetaggap=\skip52
\mathdisplay@stack=\toks22
LaTeX Info: Redefining \[ on input line 2953.
LaTeX Info: Redefining \] on input line 2954.
) (/usr/local/texlive/2024/texmf-dist/tex/latex/jknapltx/mathrsfs.sty
Package: mathrsfs 1996/01/01 Math RSFS package v1.0 (jk)
\symrsfs=\mathgroup6
) (/usr/local/texlive/2024/texmf-dist/tex/latex/amscls/amsthm.sty
Package: amsthm 2020/05/29 v2.20.6
\thm@style=\toks23
\thm@bodyfont=\toks24
\thm@headfont=\toks25
\thm@notefont=\toks26
\thm@headpunct=\toks27
\thm@preskip=\skip53
\thm@postskip=\skip54
\thm@headsep=\skip55
\dth@everypar=\toks28
) (/usr/local/texlive/2024/texmf-dist/tex/latex/geometry/geometry.sty
Package: geometry 2020/01/02 v5.9 Page Geometry
 (/usr/local/texlive/2024/texmf-dist/tex/latex/graphics/keyval.sty
Package: keyval 2022/05/29 v1.15 key=value parser (DPC)
\KV@toks@=\toks29
) (/usr/local/texlive/2024/texmf-dist/tex/generic/iftex/ifvtex.sty
Package: ifvtex 2019/10/25 v1.7 ifvtex legacy package. Use iftex instead.
 (/usr/local/texlive/2024/texmf-dist/tex/generic/iftex/iftex.sty
Package: iftex 2022/02/03 v1.0f TeX engine tests
))
\Gm@cnth=\count275
\Gm@cntv=\count276
\c@Gm@tempcnt=\count277
\Gm@bindingoffset=\dimen150
\Gm@wd@mp=\dimen151
\Gm@odd@mp=\dimen152
\Gm@even@mp=\dimen153
\Gm@layoutwidth=\dimen154
\Gm@layoutheight=\dimen155
\Gm@layouthoffset=\dimen156
\Gm@layoutvoffset=\dimen157
\Gm@dimlist=\toks30
) (/usr/local/texlive/2024/texmf-dist/tex/latex/graphics/graphicx.sty
Package: graphicx 2021/09/16 v1.2d Enhanced LaTeX Graphics (DPC,SPQR)
 (/usr/local/texlive/2024/texmf-dist/tex/latex/graphics/graphics.sty
Package: graphics 2022/03/10 v1.4e Standard LaTeX Graphics (DPC,SPQR)
 (/usr/local/texlive/2024/texmf-dist/tex/latex/graphics/trig.sty
Package: trig 2021/08/11 v1.11 sin cos tan (DPC)
) (/usr/local/texlive/2024/texmf-dist/tex/latex/graphics-cfg/graphics.cfg
File: graphics.cfg 2016/06/04 v1.11 sample graphics configuration
)
Package graphics Info: Driver file: pdftex.def on input line 107.
 (/usr/local/texlive/2024/texmf-dist/tex/latex/graphics-def/pdftex.def
File: pdftex.def 2022/09/22 v1.2b Graphics/color driver for pdftex
))
\Gin@req@height=\dimen158
\Gin@req@width=\dimen159
) (/usr/local/texlive/2024/texmf-dist/tex/latex/graphics/color.sty
Package: color 2022/01/06 v1.3d Standard LaTeX Color (DPC)
 (/usr/local/texlive/2024/texmf-dist/tex/latex/graphics-cfg/color.cfg
File: color.cfg 2016/01/02 v1.6 sample color configuration
)
Package color Info: Driver file: pdftex.def on input line 149.
 (/usr/local/texlive/2024/texmf-dist/tex/latex/graphics/mathcolor.ltx)) (/usr/local/texlive/2024/texmf-dist/tex/latex/subfigure/subfigure.sty
Package: subfigure 2002/03/15 v2.1.5 subfigure package
\subfigtopskip=\skip56
\subfigcapskip=\skip57
\subfigcaptopadj=\dimen160
\subfigbottomskip=\skip58
\subfigcapmargin=\dimen161
\subfiglabelskip=\skip59
\c@subfigure=\count278
\c@lofdepth=\count279
\c@subtable=\count280
\c@lotdepth=\count281

****************************************
* Local config file subfigure.cfg used *
****************************************
(/usr/local/texlive/2024/texmf-dist/tex/latex/subfigure/subfigure.cfg)
\subfig@top=\skip60
\subfig@bottom=\skip61
)
\c@theorem=\count282
\c@prop=\count283
\c@coro=\count284
\c@conj=\count285
\c@obs=\count286
 (/usr/local/texlive/2024/texmf-dist/tex/latex/l3backend/l3backend-pdftex.def
File: l3backend-pdftex.def 2024-02-20 L3 backend support: PDF output (pdfTeX)
\l__color_backend_stack_int=\count287
\l__pdf_internal_box=\box53
)
No file main.aux.
\openout1 = `main.aux'.

LaTeX Font Info:    Checking defaults for OML/cmm/m/it on input line 36.
LaTeX Font Info:    ... okay on input line 36.
LaTeX Font Info:    Checking defaults for OMS/cmsy/m/n on input line 36.
LaTeX Font Info:    ... okay on input line 36.
LaTeX Font Info:    Checking defaults for OT1/cmr/m/n on input line 36.
LaTeX Font Info:    ... okay on input line 36.
LaTeX Font Info:    Checking defaults for T1/cmr/m/n on input line 36.
LaTeX Font Info:    ... okay on input line 36.
LaTeX Font Info:    Checking defaults for TS1/cmr/m/n on input line 36.
LaTeX Font Info:    ... okay on input line 36.
LaTeX Font Info:    Checking defaults for OMX/cmex/m/n on input line 36.
LaTeX Font Info:    ... okay on input line 36.
LaTeX Font Info:    Checking defaults for U/cmr/m/n on input line 36.
LaTeX Font Info:    ... okay on input line 36.
*geometry* driver: auto-detecting
*geometry* detected driver: pdftex
*geometry* verbose mode - [ preamble ] result:
* driver: pdftex
* paper: <default>
* layout: <same size as paper>
* layoutoffset:(h,v)=(0.0pt,0.0pt)
* modes: 
* h-part:(L,W,R)=(56.9055pt, 500.484pt, 56.9055pt)
* v-part:(T,H,B)=(56.9055pt, 681.15898pt, 56.9055pt)
* \paperwidth=614.295pt
* \paperheight=794.96999pt
* \textwidth=500.484pt
* \textheight=681.15898pt
* \oddsidemargin=-15.36449pt
* \evensidemargin=-15.36449pt
* \topmargin=-52.36449pt
* \headheight=12.0pt
* \headsep=25.0pt
* \topskip=12.0pt
* \footskip=30.0pt
* \marginparwidth=44.0pt
* \marginparsep=10.0pt
* \columnsep=10.0pt
* \skip\footins=10.8pt plus 4.0pt minus 2.0pt
* \hoffset=0.0pt
* \voffset=0.0pt
* \mag=1000
* \@twocolumnfalse
* \@twosidefalse
* \@mparswitchfalse
* \@reversemarginfalse
* (1in=72.27pt=25.4mm, 1cm=28.453pt)

(/usr/local/texlive/2024/texmf-dist/tex/context/base/mkii/supp-pdf.mkii
[Loading MPS to PDF converter (version 2006.09.02).]
\scratchcounter=\count288
\scratchdimen=\dimen162
\scratchbox=\box54
\nofMPsegments=\count289
\nofMParguments=\count290
\everyMPshowfont=\toks31
\MPscratchCnt=\count291
\MPscratchDim=\dimen163
\MPnumerator=\count292
\makeMPintoPDFobject=\count293
\everyMPtoPDFconversion=\toks32
) (/usr/local/texlive/2024/texmf-dist/tex/latex/epstopdf-pkg/epstopdf-base.sty
Package: epstopdf-base 2020-01-24 v2.11 Base part for package epstopdf
Package epstopdf-base Info: Redefining graphics rule for `.eps' on input line 485.
 (/usr/local/texlive/2024/texmf-dist/tex/latex/latexconfig/epstopdf-sys.cfg
File: epstopdf-sys.cfg 2010/07/13 v1.3 Configuration of (r)epstopdf for TeX Live
))
LaTeX Font Info:    Trying to load font information for U+msa on input line 42.
 (/usr/local/texlive/2024/texmf-dist/tex/latex/amsfonts/umsa.fd
File: umsa.fd 2013/01/14 v3.01 AMS symbols A
)
LaTeX Font Info:    Trying to load font information for U+msb on input line 42.
 (/usr/local/texlive/2024/texmf-dist/tex/latex/amsfonts/umsb.fd
File: umsb.fd 2013/01/14 v3.01 AMS symbols B
)
LaTeX Font Info:    Trying to load font information for U+rsfs on input line 42.
 (/usr/local/texlive/2024/texmf-dist/tex/latex/jknapltx/ursfs.fd
File: ursfs.fd 1998/03/24 rsfs font definition file (jk)
) [1

{/usr/local/texlive/2024/texmf-var/fonts/map/pdftex/updmap/pdftex.map}] [1]
No file main.toc.
\tf@toc=\write3
\openout3 = `main.toc'.

[1

]
Chapter 1.
[2

]
Chapter 2.

LaTeX Warning: Citation `' on page 3 undefined on input line 73.


Package amsmath Warning: Cannot use `split' here;
(amsmath)                trying to recover with `aligned' on input line 89.


LaTeX Warning: Reference `eq_HE' on page 3 undefined on input line 101.

[3

]

LaTeX Warning: Reference `eq_heat_solution' on page 4 undefined on input line 112.


LaTeX Warning: Reference `eq_seq_approx' on page 4 undefined on input line 129.


LaTeX Warning: Reference `eq_HE' on page 4 undefined on input line 134.


LaTeX Warning: Reference `ds_HE_FD' on page 4 undefined on input line 145.


LaTeX Warning: Reference `ds_HE_CN' on page 4 undefined on input line 149.

[4]

LaTeX Warning: Reference `ds_HE_FD' on page 5 undefined on input line 186.


LaTeX Warning: Reference `eq_stab_cond' on page 5 undefined on input line 191.

[5]

LaTeX Warning: Reference `fg_HE_amp' on page 6 undefined on input line 209.


LaTeX Warning: Reference `ds_HE_FD' on page 6 undefined on input line 214.


LaTeX Warning: Reference `ds_HE_FD' on page 6 undefined on input line 214.


LaTeX Warning: Reference `ds_HE_CN' on page 6 undefined on input line 217.


LaTeX Warning: Reference `ds_HE_FD_FT' on page 6 undefined on input line 234.


LaTeX Warning: Reference `ds_HE_CN' on page 6 undefined on input line 243.


LaTeX Warning: Reference `ds_HE_CN' on page 6 undefined on input line 249.


LaTeX Warning: Reference `ds_HE_CN' on page 6 undefined on input line 251.


LaTeX Warning: Reference `ds_HE_CN_FT' on page 6 undefined on input line 251.


LaTeX Warning: Citation `kinetics' on page 6 undefined on input line 252.

[6]

LaTeX Warning: Reference `eq_6-12_pot' on page 7 undefined on input line 271.


LaTeX Warning: Reference `tb_lj_diff' on page 7 undefined on input line 282.


LaTeX Warning: Citation `' on page 7 undefined on input line 294.


LaTeX Warning: Citation `' on page 7 undefined on input line 294.


LaTeX Warning: Citation `' on page 7 undefined on input line 294.


LaTeX Warning: Citation `' on page 7 undefined on input line 294.


LaTeX Warning: Reference `fg_diff_results' on page 7 undefined on input line 322.

[7]

LaTeX Warning: Reference `ssec_diff_estim' on page 8 undefined on input line 324.


LaTeX Warning: Reference `tb_diff_data' on page 8 undefined on input line 325.


LaTeX Warning: Reference `fg_diff_results' on page 8 undefined on input line 326.


LaTeX Warning: File `../../../Python/figures/diff0.png' not found on input line 353.


/Users/isaacviviano/Desktop/Math-Notes/REU 2024/Paper/main.tex:353: Package pdftex.def Error: File `../../../Python/figures/diff0.png' not found: using draft setting.

See the pdftex.def package documentation for explanation.
Type  H <return>  for immediate help.
 ...                                              
                                                  
l.353 ...eight]{../../../Python/figures/diff0.png}
                                                   &
Try typing  <return>  to proceed.
If that doesn't work, type  X <return>  to quit.


LaTeX Warning: File `../../../Python/figures/diff50.png' not found on input line 354.


/Users/isaacviviano/Desktop/Math-Notes/REU 2024/Paper/main.tex:354: Package pdftex.def Error: File `../../../Python/figures/diff50.png' not found: using draft setting.

See the pdftex.def package documentation for explanation.
Type  H <return>  for immediate help.
 ...                                              
                                                  
l.354 ...ight]{../../../Python/figures/diff50.png}
                                                   &
Try typing  <return>  to proceed.
If that doesn't work, type  X <return>  to quit.


LaTeX Warning: File `../../../Python/figures/diff200.png' not found on input line 355.


/Users/isaacviviano/Desktop/Math-Notes/REU 2024/Paper/main.tex:355: Package pdftex.def Error: File `../../../Python/figures/diff200.png' not found: using draft setting.

See the pdftex.def package documentation for explanation.
Type  H <return>  for immediate help.
 ...                                              
                                                  
l.355 ...ght]{../../../Python/figures/diff200.png}
                                                   &
Try typing  <return>  to proceed.
If that doesn't work, type  X <return>  to quit.


LaTeX Warning: File `../../../Python/figures/diff500.png' not found on input line 356.


/Users/isaacviviano/Desktop/Math-Notes/REU 2024/Paper/main.tex:356: Package pdftex.def Error: File `../../../Python/figures/diff500.png' not found: using draft setting.

See the pdftex.def package documentation for explanation.
Type  H <return>  for immediate help.
 ...                                              
                                                  
l.356 ...ght]{../../../Python/figures/diff500.png}
                                                   &
Try typing  <return>  to proceed.
If that doesn't work, type  X <return>  to quit.


LaTeX Warning: File `../../../Python/figures/diff1000.png' not found on input line 357.


/Users/isaacviviano/Desktop/Math-Notes/REU 2024/Paper/main.tex:357: Package pdftex.def Error: File `../../../Python/figures/diff1000.png' not found: using draft setting.

See the pdftex.def package documentation for explanation.
Type  H <return>  for immediate help.
 ...                                              
                                                  
l.357 ...ht]{../../../Python/figures/diff1000.png}
                                                   \\
Try typing  <return>  to proceed.
If that doesn't work, type  X <return>  to quit.

<../../../Python/figures/cmap_FD_n=0.png, id=45, 469.755pt x 476.982pt>
File: ../../../Python/figures/cmap_FD_n=0.png Graphic file (type png)
<use ../../../Python/figures/cmap_FD_n=0.png>
Package pdftex.def Info: ../../../Python/figures/cmap_FD_n=0.png  used on input line 359.
(pdftex.def)             Requested size: 84.0935pt x 85.39165pt.
<../../../Python/figures/cmap_FD_n=50.png, id=47, 469.755pt x 476.982pt>
File: ../../../Python/figures/cmap_FD_n=50.png Graphic file (type png)
<use ../../../Python/figures/cmap_FD_n=50.png>
Package pdftex.def Info: ../../../Python/figures/cmap_FD_n=50.png  used on input line 360.
(pdftex.def)             Requested size: 84.0935pt x 85.39165pt.
<../../../Python/figures/cmap_FD_n=200.png, id=48, 469.755pt x 476.982pt>
File: ../../../Python/figures/cmap_FD_n=200.png Graphic file (type png)
<use ../../../Python/figures/cmap_FD_n=200.png>
Package pdftex.def Info: ../../../Python/figures/cmap_FD_n=200.png  used on input line 361.
(pdftex.def)             Requested size: 84.0935pt x 85.39165pt.
<../../../Python/figures/cmap_FD_n=500.png, id=49, 469.755pt x 476.982pt>
File: ../../../Python/figures/cmap_FD_n=500.png Graphic file (type png)
<use ../../../Python/figures/cmap_FD_n=500.png>
Package pdftex.def Info: ../../../Python/figures/cmap_FD_n=500.png  used on input line 362.
(pdftex.def)             Requested size: 84.0935pt x 85.39165pt.
<../../../Python/figures/end_cmap_FD_n=1000.png, id=50, 592.614pt x 484.209pt>
File: ../../../Python/figures/end_cmap_FD_n=1000.png Graphic file (type png)
<use ../../../Python/figures/end_cmap_FD_n=1000.png>
Package pdftex.def Info: ../../../Python/figures/end_cmap_FD_n=1000.png  used on input line 363.
(pdftex.def)             Requested size: 104.50475pt x 85.39165pt.
<../../../Python/figures/surf_FD_n=0.png, id=51, 455.301pt x 411.939pt>
File: ../../../Python/figures/surf_FD_n=0.png Graphic file (type png)
<use ../../../Python/figures/surf_FD_n=0.png>
Package pdftex.def Info: ../../../Python/figures/surf_FD_n=0.png  used on input line 365.
(pdftex.def)             Requested size: 94.3794pt x 85.39165pt.
<../../../Python/figures/surf_FD_n=50.png, id=52, 455.301pt x 411.939pt>
File: ../../../Python/figures/surf_FD_n=50.png Graphic file (type png)
<use ../../../Python/figures/surf_FD_n=50.png>
Package pdftex.def Info: ../../../Python/figures/surf_FD_n=50.png  used on input line 366.
(pdftex.def)             Requested size: 94.3794pt x 85.39165pt.
<../../../Python/figures/surf_FD_n=200.png, id=53, 455.301pt x 411.939pt>
File: ../../../Python/figures/surf_FD_n=200.png Graphic file (type png)
<use ../../../Python/figures/surf_FD_n=200.png>
Package pdftex.def Info: ../../../Python/figures/surf_FD_n=200.png  used on input line 367.
(pdftex.def)             Requested size: 94.3794pt x 85.39165pt.
<../../../Python/figures/surf_FD_n=500.png, id=54, 455.301pt x 411.939pt>
File: ../../../Python/figures/surf_FD_n=500.png Graphic file (type png)
<use ../../../Python/figures/surf_FD_n=500.png>
Package pdftex.def Info: ../../../Python/figures/surf_FD_n=500.png  used on input line 368.
(pdftex.def)             Requested size: 94.3794pt x 85.39165pt.
<../../../Python/figures/end_surf_FD_n=1000.png, id=55, 534.798pt x 411.939pt>
File: ../../../Python/figures/end_surf_FD_n=1000.png Graphic file (type png)
<use ../../../Python/figures/end_surf_FD_n=1000.png>
Package pdftex.def Info: ../../../Python/figures/end_surf_FD_n=1000.png  used on input line 369.
(pdftex.def)             Requested size: 110.85835pt x 85.39165pt.

Overfull \hbox (47.89201pt too wide) in paragraph at lines 352--371
 [][] 
 []

[8 <../../../Python/figures/cmap_FD_n=0.png> <../../../Python/figures/cmap_FD_n=50.png> <../../../Python/figures/cmap_FD_n=200.png> <../../../Python/figures/cmap_FD_n=500.png> <../../../Python/figures/end_cmap_FD_n=1000.png> <../../../Python/figures/surf_FD_n=0.png> <../../../Python/figures/surf_FD_n=50.png> <../../../Python/figures/surf_FD_n=200.png> <../../../Python/figures/surf_FD_n=500.png> <../../../Python/figures/end_surf_FD_n=1000.png>]
Chapter 3.

LaTeX Warning: Reference `fg_gen_double_well' on page 9 undefined on input line 387.


LaTeX Warning: Citation `' on page 9 undefined on input line 398.


LaTeX Warning: Reference `eq_gen_psi' on page 9 undefined on input line 402.


LaTeX Warning: Reference `fg_double_well' on page 9 undefined on input line 406.


LaTeX Warning: Citation `CH_free_energy' on page 9 undefined on input line 413.

[9

]

LaTeX Warning: Reference `eq_EL' on page 10 undefined on input line 450.


LaTeX Warning: Reference `eq_func' on page 10 undefined on input line 467.

[10]

LaTeX Warning: Reference `eq_IP' on page 11 undefined on input line 519.


LaTeX Warning: Reference `eq_l2normsum' on page 11 undefined on input line 545.


LaTeX Warning: Reference `eq_lin_approx' on page 11 undefined on input line 545.


LaTeX Warning: Reference `eq_above' on page 11 undefined on input line 550.

[11]

LaTeX Warning: Reference `eq_below' on page 12 undefined on input line 565.


LaTeX Warning: Reference `eq_below' on page 12 undefined on input line 565.


LaTeX Warning: Reference `eq_genIBP' on page 12 undefined on input line 577.

[12]

LaTeX Warning: Reference `eq_AC1' on page 13 undefined on input line 602.


LaTeX Warning: Reference `sec_AC' on page 13 undefined on input line 602.


LaTeX Warning: Reference `eq_HE' on page 13 undefined on input line 610.


LaTeX Warning: Reference `eq_func' on page 13 undefined on input line 615.


LaTeX Warning: Reference `eq_IP_RRT' on page 13 undefined on input line 616.


LaTeX Warning: Reference `eq_periodic_problem' on page 13 undefined on input line 628.


LaTeX Warning: Reference `eq_periodic_problem' on page 13 undefined on input line 633.


LaTeX Warning: Reference `eq_genIBP' on page 13 undefined on input line 633.

[13]

LaTeX Warning: Reference `eq_association' on page 14 undefined on input line 650.


LaTeX Warning: Reference `eq_genIBP' on page 14 undefined on input line 650.


LaTeX Warning: Reference `eq_genIPB' on page 14 undefined on input line 659.


LaTeX Warning: Reference `eq_association' on page 14 undefined on input line 659.


LaTeX Warning: Reference `eq_genIPB' on page 14 undefined on input line 659.


LaTeX Warning: Reference `eq_association' on page 14 undefined on input line 659.


LaTeX Warning: Reference `sec_CH' on page 14 undefined on input line 668.


LaTeX Warning: Reference `eq_CH1' on page 14 undefined on input line 671.


LaTeX Warning: Reference `eq_CH1' on page 14 undefined on input line 675.


Package amsmath Warning: Cannot use `split' here;
(amsmath)                trying to recover with `aligned' on input line 692.

[14]

LaTeX Warning: Reference `eq_AC' on page 15 undefined on input line 699.


LaTeX Warning: Reference `eq_AC_ODE' on page 15 undefined on input line 704.


LaTeX Warning: Reference `eq_EL' on page 15 undefined on input line 704.


LaTeX Warning: Reference `eq_AC' on page 15 undefined on input line 705.


LaTeX Warning: Reference `eq_AC_ODE' on page 15 undefined on input line 706.


LaTeX Warning: Reference `AC_phase' on page 15 undefined on input line 707.


LaTeX Warning: Reference `eq_AC' on page 15 undefined on input line 711.


LaTeX Warning: Reference `eq_unstable_lin_AC' on page 15 undefined on input line 715.


LaTeX Warning: Reference `eq_lin_AC' on page 15 undefined on input line 734.

[15]

LaTeX Warning: Reference `eq_FC' on page 16 undefined on input line 745.


LaTeX Warning: Reference `sssec_heat_fd' on page 16 undefined on input line 756.


LaTeX Warning: Reference `ds_HE_FD' on page 16 undefined on input line 761.


LaTeX Warning: Reference `' on page 16 undefined on input line 772.


LaTeX Warning: Reference `ds_AC_FD' on page 16 undefined on input line 773.


LaTeX Warning: Reference `ds_AC_CN' on page 16 undefined on input line 773.


LaTeX Warning: Reference `ds_AC_FD' on page 16 undefined on input line 774.


LaTeX Warning: Reference `ds_AC_CN' on page 16 undefined on input line 774.


LaTeX Warning: Reference `ds_AC_FD' on page 16 undefined on input line 776.


LaTeX Warning: Reference `ds_AC_FD' on page 16 undefined on input line 779.


LaTeX Warning: Reference `ds_lin_AC_FD' on page 16 undefined on input line 784.


LaTeX Warning: Reference `eq_stab_cond' on page 16 undefined on input line 791.


LaTeX Warning: Reference `eq_lin_AC_amps' on page 16 undefined on input line 799.

[16]

LaTeX Warning: Reference `ds_AC_FD' on page 17 undefined on input line 808.


LaTeX Warning: Reference `fg_nonlinear_stability_AC' on page 17 undefined on input line 810.


LaTeX Warning: Reference `ds_AC_FD' on page 17 undefined on input line 810.


LaTeX Warning: Reference `eq_k_crit_AC' on page 17 undefined on input line 810.


LaTeX Warning: Reference `ds_lin_AC_FD' on page 17 undefined on input line 815.


LaTeX Warning: Reference `' on page 17 undefined on input line 815.


LaTeX Warning: Reference `' on page 17 undefined on input line 815.


LaTeX Warning: Reference `' on page 17 undefined on input line 815.


LaTeX Warning: Reference `ds_lin_AC_FD' on page 17 undefined on input line 815.


LaTeX Warning: Reference `' on page 17 undefined on input line 815.


LaTeX Warning: Reference `' on page 17 undefined on input line 815.


LaTeX Warning: Reference `' on page 17 undefined on input line 815.


LaTeX Warning: Reference `ds_AC_FD' on page 17 undefined on input line 821.


LaTeX Warning: Reference `' on page 17 undefined on input line 821.


LaTeX Warning: Reference `' on page 17 undefined on input line 821.


LaTeX Warning: Reference `ds_lin_AC_FD' on page 17 undefined on input line 821.


LaTeX Warning: Reference `ds_AC_FD' on page 17 undefined on input line 821.


LaTeX Warning: Reference `' on page 17 undefined on input line 821.


LaTeX Warning: Reference `' on page 17 undefined on input line 821.


LaTeX Warning: Reference `ds_lin_AC_FD' on page 17 undefined on input line 821.


LaTeX Warning: Reference `' on page 17 undefined on input line 828.


LaTeX Warning: Reference `' on page 17 undefined on input line 828.


LaTeX Warning: Reference `fg_nonlinear_stability_AC' on page 17 undefined on input line 828.


LaTeX Warning: Reference `ds_AC_CN' on page 17 undefined on input line 828.


LaTeX Warning: Reference `ds_AC_FD' on page 17 undefined on input line 828.


LaTeX Warning: Reference `' on page 17 undefined on input line 828.


LaTeX Warning: Reference `' on page 17 undefined on input line 828.


LaTeX Warning: Reference `fg_nonlinear_stability_AC' on page 17 undefined on input line 828.


LaTeX Warning: Reference `ds_AC_CN' on page 17 undefined on input line 828.


LaTeX Warning: Reference `ds_AC_FD' on page 17 undefined on input line 828.


LaTeX Warning: Reference `ds_AC_CN' on page 17 undefined on input line 837.


LaTeX Warning: Reference `ds_AC_CN' on page 17 undefined on input line 840.

[17]

LaTeX Warning: Reference `ds_lin_AC_CN' on page 18 undefined on input line 857.


Package amsmath Warning: Cannot use `split' here;
(amsmath)                trying to recover with `aligned' on input line 875.


LaTeX Warning: Reference `eq_CH' on page 18 undefined on input line 880.


LaTeX Warning: Reference `eq_mass_con' on page 18 undefined on input line 880.


LaTeX Warning: Reference `eq_CH' on page 18 undefined on input line 881.


LaTeX Warning: Reference `eq_der_inside' on page 18 undefined on input line 890.


LaTeX Warning: Reference `' on page 18 undefined on input line 890.


LaTeX Warning: Reference `eq_end' on page 18 undefined on input line 891.


LaTeX Warning: Reference `eq_end' on page 18 undefined on input line 897.


LaTeX Warning: Reference `sssec_heat_fd' on page 18 undefined on input line 902.

[18]

LaTeX Warning: Reference `ds_HE_FD' on page 19 undefined on input line 908.


LaTeX Warning: Reference `eq_discrete_con' on page 19 undefined on input line 919.


LaTeX Warning: Reference `ds_CH_FD' on page 19 undefined on input line 931.


LaTeX Warning: Reference `ds_CH_CN' on page 19 undefined on input line 935.

[19] [20] (./main.aux)
 ***********
LaTeX2e <2023-11-01> patch level 1
L3 programming layer <2024-02-20>
 ***********


LaTeX Warning: There were undefined references.


LaTeX Warning: Label(s) may have changed. Rerun to get cross-references right.

 ) 
Here is how much of TeX's memory you used:
 3874 strings out of 474116
 63739 string characters out of 5743683
 1943187 words of memory out of 5000000
 26194 multiletter control sequences out of 15000+600000
 569565 words of font info for 82 fonts, out of 8000000 for 9000
 1141 hyphenation exceptions out of 8191
 57i,22n,65p,917b,378s stack positions out of 10000i,1000n,20000p,200000b,200000s
</usr/local/texlive/2024/texmf-dist/fonts/type1/public/amsfonts/cm/cmbx12.pfb></usr/local/texlive/2024/texmf-dist/fonts/type1/public/amsfonts/cm/cmbx8.pfb></usr/local/texlive/2024/texmf-dist/fonts/type1/public/amsfonts/cm/cmex10.pfb></usr/local/texlive/2024/texmf-dist/fonts/type1/public/amsfonts/cm/cmmi12.pfb></usr/local/texlive/2024/texmf-dist/fonts/type1/public/amsfonts/cm/cmmi6.pfb></usr/local/texlive/2024/texmf-dist/fonts/type1/public/amsfonts/cm/cmmi8.pfb></usr/local/texlive/2024/texmf-dist/fonts/type1/public/amsfonts/cm/cmr12.pfb></usr/local/texlive/2024/texmf-dist/fonts/type1/public/amsfonts/cm/cmr17.pfb></usr/local/texlive/2024/texmf-dist/fonts/type1/public/amsfonts/cm/cmr6.pfb></usr/local/texlive/2024/texmf-dist/fonts/type1/public/amsfonts/cm/cmr8.pfb></usr/local/texlive/2024/texmf-dist/fonts/type1/public/amsfonts/cm/cmsy10.pfb></usr/local/texlive/2024/texmf-dist/fonts/type1/public/amsfonts/cm/cmsy6.pfb></usr/local/texlive/2024/texmf-dist/fonts/type1/public/amsfonts/cm/cmsy8.pfb></usr/local/texlive/2024/texmf-dist/fonts/type1/public/amsfonts/cm/cmti12.pfb></usr/local/texlive/2024/texmf-dist/fonts/type1/public/amsfonts/cm/cmtt12.pfb></usr/local/texlive/2024/texmf-dist/fonts/type1/public/amsfonts/symbols/msbm10.pfb>
Output written on main.pdf (22 pages, 939917 bytes).
PDF statistics:
 176 PDF objects out of 1000 (max. 8388607)
 99 compressed objects within 1 object stream
 0 named destinations out of 1000 (max. 500000)
 51 words of extra memory for PDF output out of 10000 (max. 10000000)

